#
# There is insufficient memory for the Java Runtime Environment to continue.
# Native memory allocation (malloc) failed to allocate 1019296 bytes for Chunk::new
# Possible reasons:
#   The system is out of physical RAM or swap space
#   The process is running with CompressedOops enabled, and the Java Heap may be blocking the growth of the native heap
# Possible solutions:
#   Reduce memory load on the system
#   Increase physical memory or swap space
#   Check if swap backing store is full
#   Decrease Java heap size (-Xmx/-Xms)
#   Decrease number of Java threads
#   Decrease Java thread stack sizes (-Xss)
#   Set larger code cache with -XX:ReservedCodeCacheSize=
#   JVM is running with Unscaled Compressed Oops mode in which the Java heap is
#     placed in the first 4GB address space. The Java Heap base address is the
#     maximum limit for the native heap growth. Please use -XX:HeapBaseMinAddress
#     to set the Java Heap base and to place the Java Heap above 4GB virtual address.
# This output file may be truncated or incomplete.
#
#  Out of Memory Error (./src/hotspot/share/memory/arena.cpp:197), pid=27924, tid=42916
#
# JRE version: OpenJDK Runtime Environment (11.0.8+10) (build 11.0.8+10-b944.6842174)
# Java VM: OpenJDK 64-Bit Server VM (11.0.8+10-b944.6842174, mixed mode, tiered, compressed oops, g1 gc, windows-amd64)
# No core dump will be written. Minidumps are not enabled by default on client versions of Windows
#

---------------  S U M M A R Y ------------

Command Line: --add-opens=java.base/java.util=ALL-UNNAMED --add-opens=java.base/java.lang=ALL-UNNAMED --add-opens=java.base/java.lang.invoke=ALL-UNNAMED --add-opens=java.prefs/java.util.prefs=ALL-UNNAMED -Xmx2048m -Dfile.encoding=UTF-8 -Duser.country=IN -Duser.language=en -Duser.variant org.gradle.launcher.daemon.bootstrap.GradleDaemon 6.7.1

Host: AMD Ryzen 5 3500U with Radeon Vega Mobile Gfx  , 8 cores, 5G,  Windows 10 , 64 bit Build 19041 (10.0.19041.928)
Time: Sat Jun  5 16:13:18 2021 India Standard Time elapsed time: 238 seconds (0d 0h 3m 58s)

---------------  T H R E A D  ---------------

Current thread (0x000002399ab00800):  JavaThread "C2 CompilerThread0" daemon [_thread_in_native, id=42916, stack(0x0000004b51500000,0x0000004b51600000)]


Current CompileTask:
C2: 238029 14763       4       org.gradle.internal.instantiation.generator.AbstractClassGenerator$PropertyMetadata::hasAnnotation (40 bytes)

Stack: [0x0000004b51500000,0x0000004b51600000]
Native frames: (J=compiled Java code, j=interpreted, Vv=VM code, C=native code)
V  [jvm.dll+0x5de50a]
V  [jvm.dll+0x7122f5]
V  [jvm.dll+0x71384d]
V  [jvm.dll+0x713f03]
V  [jvm.dll+0x23e728]
V  [jvm.dll+0xb899c]
V  [jvm.dll+0xb8e9c]
V  [jvm.dll+0x2b20e4]
V  [jvm.dll+0x502098]
V  [jvm.dll+0x1ff393]
V  [jvm.dll+0x1f917c]
V  [jvm.dll+0x1f685f]
V  [jvm.dll+0x17f32c]
V  [jvm.dll+0x205047]
V  [jvm.dll+0x203891]
V  [jvm.dll+0x6dad3f]
V  [jvm.dll+0x6d3895]
V  [jvm.dll+0x5dd4a6]
C  [ucrtbase.dll+0x21bb2]
C  [KERNEL32.DLL+0x17034]
C  [ntdll.dll+0x52651]


---------------  P R O C E S S  ---------------

Threads class SMR info:
_java_thread_list=0x00000239a1057590, length=155, elements={
0x0000023980017000, 0x000002399aae8000, 0x000002399aae9000, 0x000002399aafd000,
0x000002399aafd800, 0x000002399ab00800, 0x000002399b4b4000, 0x000002399ab1b000,
0x000002399b5ee800, 0x000002399b675800, 0x000002399caf8000, 0x000002399b84b800,
0x000002399c0dc000, 0x000002399cb82800, 0x000002399cb86000, 0x000002399cb84000,
0x000002399d810000, 0x000002399d80a800, 0x000002399da93000, 0x000002399da95800,
0x000002399f84d000, 0x000002399f847800, 0x000002399f846800, 0x000002399d80c000,
0x000002399d811800, 0x000002399d80d800, 0x000002399d80f800, 0x000002399d812800,
0x000002399d80d000, 0x000002399d819000, 0x000002399d816000, 0x000002399d815000,
0x000002399d816800, 0x000002399d813800, 0x000002399d817800, 0x000002399d818800,
0x000002399d814000, 0x000002399da8a800, 0x000002399da8d000, 0x000002399da8b800,
0x000002399da8c800, 0x000002399da8e000, 0x000002399da89000, 0x000002399da88000,
0x000002399da8f000, 0x000002399da8f800, 0x000002399da8a000, 0x000002399da92000,
0x000002399da96000, 0x000002399da90800, 0x000002399da93800, 0x000002399da94800,
0x000002399cb81000, 0x000002399cb80000, 0x000002399cb86800, 0x000002399cb83800,
0x000002399cb81800, 0x000002399cb85000, 0x000002399fba8800, 0x000002399fba5800,
0x000002399fba4000, 0x000002399fba6800, 0x000002399fba9800, 0x000002399fba4800,
0x000002399fbaa800, 0x000002399fbab000, 0x000002399fbac000, 0x000002399fba8000,
0x000002399fbad000, 0x000002399fba7000, 0x000002399fbae800, 0x000002399fbaf800,
0x000002399fbb2800, 0x000002399fbb1000, 0x000002399fbad800, 0x000002399fbb0000,
0x000002399fbb1800, 0x00000239a14f6800, 0x00000239a14fd000, 0x00000239a14f8000,
0x00000239a14fb800, 0x00000239a14f7800, 0x00000239a14f9000, 0x00000239a14fe000,
0x00000239a14fa800, 0x00000239a14ff800, 0x00000239a14fe800, 0x00000239a14f9800,
0x00000239a1500000, 0x00000239a1501000, 0x00000239a1502000, 0x00000239a14fc000,
0x00000239a1502800, 0x00000239a1503800, 0x00000239a1504800, 0x00000239a1505000,
0x000002399cd04000, 0x000002399cd00000, 0x000002399cd01000, 0x000002399cd02800,
0x000002399cd01800, 0x000002399cd03000, 0x000002399cd05000, 0x000002399ccff000,
0x000002399cd08000, 0x000002399cd0b800, 0x000002399cd06800, 0x000002399cd0a800,
0x000002399cd09000, 0x000002399cd05800, 0x000002399cd0a000, 0x000002399cd0c000,
0x000002399cd0d000, 0x000002399cd07800, 0x000002399cd0e000, 0x00000239a15ef000,
0x00000239a15f0000, 0x00000239a15f0800, 0x00000239a15f2800, 0x00000239a15f1800,
0x00000239a15ee000, 0x00000239a15f9000, 0x00000239a15f4000, 0x00000239a15f5800,
0x00000239a15f3000, 0x00000239a15f9800, 0x00000239a15fa800, 0x00000239a15f4800,
0x00000239a15fb800, 0x00000239a15f7000, 0x00000239a15f8000, 0x000002399f84c800,
0x000002399f84e000, 0x000002399f84f000, 0x000002399f849000, 0x000002399f84b000,
0x000002399f84f800, 0x000002399f84a000, 0x000002399f851800, 0x000002399f84b800,
0x000002399f853000, 0x000002399f850800, 0x000002399f852000, 0x000002399f853800,
0x000002399f854800, 0x000002399f855800, 0x000002399d811000, 0x000002399d80b000,
0x00000239a15fc000, 0x00000239a6cc2000, 0x00000239a6cc3800, 0x00000239a6cc6000,
0x00000239a6cc5000, 0x00000239a6cc0000, 0x00000239a6cc4800
}

Java Threads: ( => current thread )
  0x0000023980017000 JavaThread "main" [_thread_blocked, id=48464, stack(0x0000004b50a00000,0x0000004b50b00000)]
  0x000002399aae8000 JavaThread "Reference Handler" daemon [_thread_blocked, id=46500, stack(0x0000004b51100000,0x0000004b51200000)]
  0x000002399aae9000 JavaThread "Finalizer" daemon [_thread_blocked, id=47476, stack(0x0000004b51200000,0x0000004b51300000)]
  0x000002399aafd000 JavaThread "Signal Dispatcher" daemon [_thread_blocked, id=31484, stack(0x0000004b51300000,0x0000004b51400000)]
  0x000002399aafd800 JavaThread "Attach Listener" daemon [_thread_blocked, id=31060, stack(0x0000004b51400000,0x0000004b51500000)]
=>0x000002399ab00800 JavaThread "C2 CompilerThread0" daemon [_thread_in_native, id=42916, stack(0x0000004b51500000,0x0000004b51600000)]
  0x000002399b4b4000 JavaThread "C1 CompilerThread0" daemon [_thread_blocked, id=38144, stack(0x0000004b51600000,0x0000004b51700000)]
  0x000002399ab1b000 JavaThread "Sweeper thread" daemon [_thread_blocked, id=31160, stack(0x0000004b51700000,0x0000004b51800000)]
  0x000002399b5ee800 JavaThread "Common-Cleaner" daemon [_thread_blocked, id=42036, stack(0x0000004b51800000,0x0000004b51900000)]
  0x000002399b675800 JavaThread "Service Thread" daemon [_thread_blocked, id=35648, stack(0x0000004b51900000,0x0000004b51a00000)]
  0x000002399caf8000 JavaThread "Daemon health stats" [_thread_blocked, id=46068, stack(0x0000004b51e00000,0x0000004b51f00000)]
  0x000002399b84b800 JavaThread "Incoming local TCP Connector on port 49498" [_thread_in_native, id=48560, stack(0x0000004b51f00000,0x0000004b52000000)]
  0x000002399c0dc000 JavaThread "Daemon periodic checks" [_thread_blocked, id=32948, stack(0x0000004b52600000,0x0000004b52700000)]
  0x000002399cb82800 JavaThread "Cache worker for file hash cache (C:\Users\NIHAL RAM TRIPATHI\.gradle\caches\6.7.1\fileHashes)" [_thread_blocked, id=18864, stack(0x0000004b53000000,0x0000004b53100000)]
  0x000002399cb86000 JavaThread "File lock request listener" [_thread_in_native, id=26152, stack(0x0000004b53100000,0x0000004b53200000)]
  0x000002399cb84000 JavaThread "Cache worker for journal cache (C:\Users\NIHAL RAM TRIPATHI\.gradle\caches\journal-1)" [_thread_blocked, id=48748, stack(0x0000004b53300000,0x0000004b53400000)]
  0x000002399d810000 JavaThread "Cache worker for execution history cache (C:\Users\NIHAL RAM TRIPATHI\.gradle\caches\6.7.1\executionHistory)" [_thread_blocked, id=268, stack(0x0000004b54e00000,0x0000004b54f00000)]
  0x000002399d80a800 JavaThread "Cache worker for file content cache (C:\Users\NIHAL RAM TRIPATHI\.gradle\caches\6.7.1\fileContent)" [_thread_blocked, id=47156, stack(0x0000004b53400000,0x0000004b53500000)]
  0x000002399da93000 JavaThread "Memory manager" [_thread_blocked, id=32136, stack(0x0000004b5a500000,0x0000004b5a600000)]
  0x000002399da95800 JavaThread "pool-3-thread-1" [_thread_blocked, id=29600, stack(0x0000004b5a400000,0x0000004b5a500000)]
  0x000002399f84d000 JavaThread "pool-6-thread-1" [_thread_blocked, id=46896, stack(0x0000004b5a600000,0x0000004b5a700000)]
  0x000002399f847800 JavaThread "Daemon Thread 2" [_thread_blocked, id=32432, stack(0x0000004b50700000,0x0000004b50800000)]
  0x000002399f846800 JavaThread "Daemon worker Thread 2" [_thread_blocked, id=47724, stack(0x0000004b51b00000,0x0000004b51c00000)]
  0x000002399d80c000 JavaThread "jar transforms Thread 98" [_thread_blocked, id=38360, stack(0x0000004b53d00000,0x0000004b53e00000)]
  0x000002399d811800 JavaThread "jar transforms Thread 99" [_thread_blocked, id=16760, stack(0x0000004b53e00000,0x0000004b53f00000)]
  0x000002399d80d800 JavaThread "jar transforms Thread 100" [_thread_blocked, id=46828, stack(0x0000004b53f00000,0x0000004b54000000)]
  0x000002399d80f800 JavaThread "jar transforms Thread 101" [_thread_blocked, id=48024, stack(0x0000004b54000000,0x0000004b54100000)]
  0x000002399d812800 JavaThread "jar transforms Thread 102" [_thread_blocked, id=48216, stack(0x0000004b54100000,0x0000004b54200000)]
  0x000002399d80d000 JavaThread "jar transforms Thread 103" [_thread_blocked, id=47648, stack(0x0000004b54200000,0x0000004b54300000)]
  0x000002399d819000 JavaThread "jar transforms Thread 104" [_thread_blocked, id=39844, stack(0x0000004b54300000,0x0000004b54400000)]
  0x000002399d816000 JavaThread "jar transforms Thread 105" [_thread_blocked, id=45652, stack(0x0000004b54400000,0x0000004b54500000)]
  0x000002399d815000 JavaThread "jar transforms Thread 106" [_thread_blocked, id=19576, stack(0x0000004b54500000,0x0000004b54600000)]
  0x000002399d816800 JavaThread "jar transforms Thread 107" [_thread_blocked, id=25348, stack(0x0000004b54600000,0x0000004b54700000)]
  0x000002399d813800 JavaThread "jar transforms Thread 108" [_thread_blocked, id=6080, stack(0x0000004b54700000,0x0000004b54800000)]
  0x000002399d817800 JavaThread "jar transforms Thread 109" [_thread_blocked, id=36152, stack(0x0000004b54800000,0x0000004b54900000)]
  0x000002399d818800 JavaThread "jar transforms Thread 110" [_thread_blocked, id=36800, stack(0x0000004b54900000,0x0000004b54a00000)]
  0x000002399d814000 JavaThread "jar transforms Thread 111" [_thread_blocked, id=31180, stack(0x0000004b54a00000,0x0000004b54b00000)]
  0x000002399da8a800 JavaThread "jar transforms Thread 112" [_thread_blocked, id=37508, stack(0x0000004b54b00000,0x0000004b54c00000)]
  0x000002399da8d000 JavaThread "jar transforms Thread 113" [_thread_blocked, id=27552, stack(0x0000004b54c00000,0x0000004b54d00000)]
  0x000002399da8b800 JavaThread "jar transforms Thread 114" [_thread_blocked, id=40884, stack(0x0000004b54d00000,0x0000004b54e00000)]
  0x000002399da8c800 JavaThread "jar transforms Thread 115" [_thread_blocked, id=1184, stack(0x0000004b54f00000,0x0000004b55000000)]
  0x000002399da8e000 JavaThread "jar transforms Thread 116" [_thread_blocked, id=48344, stack(0x0000004b55000000,0x0000004b55100000)]
  0x000002399da89000 JavaThread "jar transforms Thread 117" [_thread_blocked, id=47992, stack(0x0000004b55100000,0x0000004b55200000)]
  0x000002399da88000 JavaThread "jar transforms Thread 118" [_thread_blocked, id=43052, stack(0x0000004b55200000,0x0000004b55300000)]
  0x000002399da8f000 JavaThread "jar transforms Thread 119" [_thread_blocked, id=48188, stack(0x0000004b55300000,0x0000004b55400000)]
  0x000002399da8f800 JavaThread "jar transforms Thread 120" [_thread_blocked, id=38160, stack(0x0000004b55400000,0x0000004b55500000)]
  0x000002399da8a000 JavaThread "jar transforms Thread 121" [_thread_blocked, id=45960, stack(0x0000004b55500000,0x0000004b55600000)]
  0x000002399da92000 JavaThread "jar transforms Thread 122" [_thread_blocked, id=48608, stack(0x0000004b55600000,0x0000004b55700000)]
  0x000002399da96000 JavaThread "jar transforms Thread 123" [_thread_blocked, id=8804, stack(0x0000004b55700000,0x0000004b55800000)]
  0x000002399da90800 JavaThread "jar transforms Thread 124" [_thread_blocked, id=21100, stack(0x0000004b55800000,0x0000004b55900000)]
  0x000002399da93800 JavaThread "jar transforms Thread 125" [_thread_blocked, id=46912, stack(0x0000004b55900000,0x0000004b55a00000)]
  0x000002399da94800 JavaThread "jar transforms Thread 126" [_thread_blocked, id=42096, stack(0x0000004b55a00000,0x0000004b55b00000)]
  0x000002399cb81000 JavaThread "jar transforms Thread 127" [_thread_blocked, id=43600, stack(0x0000004b55b00000,0x0000004b55c00000)]
  0x000002399cb80000 JavaThread "jar transforms Thread 128" [_thread_blocked, id=44120, stack(0x0000004b55c00000,0x0000004b55d00000)]
  0x000002399cb86800 JavaThread "jar transforms Thread 129" [_thread_blocked, id=42276, stack(0x0000004b55d00000,0x0000004b55e00000)]
  0x000002399cb83800 JavaThread "jar transforms Thread 130" [_thread_blocked, id=42944, stack(0x0000004b55e00000,0x0000004b55f00000)]
  0x000002399cb81800 JavaThread "jar transforms Thread 131" [_thread_blocked, id=40836, stack(0x0000004b55f00000,0x0000004b56000000)]
  0x000002399cb85000 JavaThread "jar transforms Thread 132" [_thread_blocked, id=20576, stack(0x0000004b56000000,0x0000004b56100000)]
  0x000002399fba8800 JavaThread "jar transforms Thread 133" [_thread_blocked, id=41840, stack(0x0000004b56100000,0x0000004b56200000)]
  0x000002399fba5800 JavaThread "jar transforms Thread 134" [_thread_blocked, id=44840, stack(0x0000004b56200000,0x0000004b56300000)]
  0x000002399fba4000 JavaThread "jar transforms Thread 135" [_thread_blocked, id=39528, stack(0x0000004b56300000,0x0000004b56400000)]
  0x000002399fba6800 JavaThread "jar transforms Thread 136" [_thread_blocked, id=26544, stack(0x0000004b56400000,0x0000004b56500000)]
  0x000002399fba9800 JavaThread "jar transforms Thread 137" [_thread_blocked, id=46652, stack(0x0000004b56500000,0x0000004b56600000)]
  0x000002399fba4800 JavaThread "jar transforms Thread 138" [_thread_blocked, id=47560, stack(0x0000004b56600000,0x0000004b56700000)]
  0x000002399fbaa800 JavaThread "jar transforms Thread 139" [_thread_blocked, id=38744, stack(0x0000004b56700000,0x0000004b56800000)]
  0x000002399fbab000 JavaThread "jar transforms Thread 140" [_thread_blocked, id=40924, stack(0x0000004b56800000,0x0000004b56900000)]
  0x000002399fbac000 JavaThread "jar transforms Thread 141" [_thread_blocked, id=13372, stack(0x0000004b56900000,0x0000004b56a00000)]
  0x000002399fba8000 JavaThread "jar transforms Thread 142" [_thread_blocked, id=45240, stack(0x0000004b56a00000,0x0000004b56b00000)]
  0x000002399fbad000 JavaThread "jar transforms Thread 143" [_thread_blocked, id=35324, stack(0x0000004b56b00000,0x0000004b56c00000)]
  0x000002399fba7000 JavaThread "jar transforms Thread 144" [_thread_blocked, id=48308, stack(0x0000004b56c00000,0x0000004b56d00000)]
  0x000002399fbae800 JavaThread "jar transforms Thread 145" [_thread_blocked, id=45832, stack(0x0000004b56d00000,0x0000004b56e00000)]
  0x000002399fbaf800 JavaThread "jar transforms Thread 146" [_thread_blocked, id=38908, stack(0x0000004b56e00000,0x0000004b56f00000)]
  0x000002399fbb2800 JavaThread "jar transforms Thread 147" [_thread_blocked, id=47580, stack(0x0000004b56f00000,0x0000004b57000000)]
  0x000002399fbb1000 JavaThread "jar transforms Thread 148" [_thread_blocked, id=47184, stack(0x0000004b57000000,0x0000004b57100000)]
  0x000002399fbad800 JavaThread "jar transforms Thread 149" [_thread_blocked, id=40508, stack(0x0000004b57100000,0x0000004b57200000)]
  0x000002399fbb0000 JavaThread "jar transforms Thread 150" [_thread_blocked, id=44748, stack(0x0000004b57200000,0x0000004b57300000)]
  0x000002399fbb1800 JavaThread "jar transforms Thread 151" [_thread_blocked, id=32408, stack(0x0000004b57300000,0x0000004b57400000)]
  0x00000239a14f6800 JavaThread "jar transforms Thread 152" [_thread_blocked, id=37288, stack(0x0000004b57400000,0x0000004b57500000)]
  0x00000239a14fd000 JavaThread "jar transforms Thread 153" [_thread_blocked, id=45924, stack(0x0000004b57500000,0x0000004b57600000)]
  0x00000239a14f8000 JavaThread "jar transforms Thread 154" [_thread_blocked, id=43900, stack(0x0000004b57600000,0x0000004b57700000)]
  0x00000239a14fb800 JavaThread "jar transforms Thread 155" [_thread_blocked, id=44092, stack(0x0000004b57700000,0x0000004b57800000)]
  0x00000239a14f7800 JavaThread "jar transforms Thread 156" [_thread_blocked, id=38648, stack(0x0000004b57800000,0x0000004b57900000)]
  0x00000239a14f9000 JavaThread "jar transforms Thread 157" [_thread_blocked, id=38460, stack(0x0000004b57900000,0x0000004b57a00000)]
  0x00000239a14fe000 JavaThread "jar transforms Thread 158" [_thread_blocked, id=47516, stack(0x0000004b57a00000,0x0000004b57b00000)]
  0x00000239a14fa800 JavaThread "jar transforms Thread 159" [_thread_blocked, id=47460, stack(0x0000004b57b00000,0x0000004b57c00000)]
  0x00000239a14ff800 JavaThread "jar transforms Thread 160" [_thread_blocked, id=6960, stack(0x0000004b57c00000,0x0000004b57d00000)]
  0x00000239a14fe800 JavaThread "jar transforms Thread 161" [_thread_blocked, id=45400, stack(0x0000004b57d00000,0x0000004b57e00000)]
  0x00000239a14f9800 JavaThread "jar transforms Thread 162" [_thread_blocked, id=36524, stack(0x0000004b57e00000,0x0000004b57f00000)]
  0x00000239a1500000 JavaThread "jar transforms Thread 163" [_thread_blocked, id=45636, stack(0x0000004b57f00000,0x0000004b58000000)]
  0x00000239a1501000 JavaThread "jar transforms Thread 164" [_thread_blocked, id=38116, stack(0x0000004b58000000,0x0000004b58100000)]
  0x00000239a1502000 JavaThread "jar transforms Thread 165" [_thread_blocked, id=45292, stack(0x0000004b58100000,0x0000004b58200000)]
  0x00000239a14fc000 JavaThread "jar transforms Thread 166" [_thread_blocked, id=40488, stack(0x0000004b58200000,0x0000004b58300000)]
  0x00000239a1502800 JavaThread "jar transforms Thread 167" [_thread_blocked, id=42264, stack(0x0000004b58300000,0x0000004b58400000)]
  0x00000239a1503800 JavaThread "jar transforms Thread 168" [_thread_blocked, id=44824, stack(0x0000004b58400000,0x0000004b58500000)]
  0x00000239a1504800 JavaThread "jar transforms Thread 169" [_thread_blocked, id=46640, stack(0x0000004b58500000,0x0000004b58600000)]
  0x00000239a1505000 JavaThread "jar transforms Thread 170" [_thread_blocked, id=25496, stack(0x0000004b58600000,0x0000004b58700000)]
  0x000002399cd04000 JavaThread "jar transforms Thread 171" [_thread_blocked, id=33148, stack(0x0000004b58700000,0x0000004b58800000)]
  0x000002399cd00000 JavaThread "jar transforms Thread 172" [_thread_blocked, id=40892, stack(0x0000004b58800000,0x0000004b58900000)]
  0x000002399cd01000 JavaThread "jar transforms Thread 173" [_thread_blocked, id=46072, stack(0x0000004b58900000,0x0000004b58a00000)]
  0x000002399cd02800 JavaThread "jar transforms Thread 174" [_thread_blocked, id=42024, stack(0x0000004b58a00000,0x0000004b58b00000)]
  0x000002399cd01800 JavaThread "jar transforms Thread 175" [_thread_blocked, id=38796, stack(0x0000004b58b00000,0x0000004b58c00000)]
  0x000002399cd03000 JavaThread "jar transforms Thread 176" [_thread_blocked, id=46680, stack(0x0000004b58c00000,0x0000004b58d00000)]
  0x000002399cd05000 JavaThread "jar transforms Thread 177" [_thread_blocked, id=49136, stack(0x0000004b58d00000,0x0000004b58e00000)]
  0x000002399ccff000 JavaThread "jar transforms Thread 178" [_thread_blocked, id=47792, stack(0x0000004b58e00000,0x0000004b58f00000)]
  0x000002399cd08000 JavaThread "jar transforms Thread 179" [_thread_blocked, id=17696, stack(0x0000004b58f00000,0x0000004b59000000)]
  0x000002399cd0b800 JavaThread "jar transforms Thread 180" [_thread_blocked, id=37468, stack(0x0000004b59000000,0x0000004b59100000)]
  0x000002399cd06800 JavaThread "jar transforms Thread 181" [_thread_blocked, id=29348, stack(0x0000004b59100000,0x0000004b59200000)]
  0x000002399cd0a800 JavaThread "jar transforms Thread 182" [_thread_blocked, id=29124, stack(0x0000004b59200000,0x0000004b59300000)]
  0x000002399cd09000 JavaThread "jar transforms Thread 183" [_thread_blocked, id=47312, stack(0x0000004b59300000,0x0000004b59400000)]
  0x000002399cd05800 JavaThread "jar transforms Thread 184" [_thread_blocked, id=35644, stack(0x0000004b59400000,0x0000004b59500000)]
  0x000002399cd0a000 JavaThread "jar transforms Thread 185" [_thread_blocked, id=7084, stack(0x0000004b59500000,0x0000004b59600000)]
  0x000002399cd0c000 JavaThread "jar transforms Thread 186" [_thread_blocked, id=37612, stack(0x0000004b59600000,0x0000004b59700000)]
  0x000002399cd0d000 JavaThread "jar transforms Thread 187" [_thread_blocked, id=36484, stack(0x0000004b59700000,0x0000004b59800000)]
  0x000002399cd07800 JavaThread "jar transforms Thread 188" [_thread_blocked, id=40612, stack(0x0000004b59800000,0x0000004b59900000)]
  0x000002399cd0e000 JavaThread "jar transforms Thread 189" [_thread_blocked, id=48732, stack(0x0000004b59900000,0x0000004b59a00000)]
  0x00000239a15ef000 JavaThread "jar transforms Thread 190" [_thread_blocked, id=44856, stack(0x0000004b59a00000,0x0000004b59b00000)]
  0x00000239a15f0000 JavaThread "jar transforms Thread 191" [_thread_blocked, id=29824, stack(0x0000004b59b00000,0x0000004b59c00000)]
  0x00000239a15f0800 JavaThread "jar transforms Thread 192" [_thread_blocked, id=31000, stack(0x0000004b59c00000,0x0000004b59d00000)]
  0x00000239a15f2800 JavaThread "jar transforms Thread 193" [_thread_blocked, id=27200, stack(0x0000004b59d00000,0x0000004b59e00000)]
  0x00000239a15f1800 JavaThread "jar transforms Thread 194" [_thread_blocked, id=42280, stack(0x0000004b59e00000,0x0000004b59f00000)]
  0x00000239a15ee000 JavaThread "pool-9-thread-1" [_thread_blocked, id=14072, stack(0x0000004b5a000000,0x0000004b5a100000)]
  0x00000239a15f9000 JavaThread "Handler for socket connection from /127.0.0.1:49498 to /127.0.0.1:49753" [_thread_in_native, id=44100, stack(0x0000004b50800000,0x0000004b50900000)]
  0x00000239a15f4000 JavaThread "Cancel handler" [_thread_blocked, id=37148, stack(0x0000004b50900000,0x0000004b50a00000)]
  0x00000239a15f5800 JavaThread "Asynchronous log dispatcher for DefaultDaemonConnection: socket connection from /127.0.0.1:49498 to /127.0.0.1:49753" [_thread_blocked, id=42752, stack(0x0000004b51d00000,0x0000004b51e00000)]
  0x00000239a15f3000 JavaThread "Stdin handler" [_thread_blocked, id=45944, stack(0x0000004b52700000,0x0000004b52800000)]
  0x00000239a15f9800 JavaThread "Thread-289" [_thread_blocked, id=47136, stack(0x0000004b52800000,0x0000004b52900000)]
  0x00000239a15fa800 JavaThread "Cache worker for file hash cache (C:\Users\NIHAL RAM TRIPATHI\AaadiYogi\.gradle\6.7.1\fileHashes)" [_thread_blocked, id=45396, stack(0x0000004b52900000,0x0000004b52a00000)]
  0x00000239a15f4800 JavaThread "Cache worker for checksums cache (C:\Users\NIHAL RAM TRIPATHI\AaadiYogi\.gradle\checksums)" [_thread_blocked, id=44900, stack(0x0000004b52a00000,0x0000004b52b00000)]
  0x00000239a15fb800 JavaThread "Cache worker for cache directory md-supplier (C:\Users\NIHAL RAM TRIPATHI\.gradle\caches\6.7.1\md-supplier)" [_thread_blocked, id=35516, stack(0x0000004b52b00000,0x0000004b52c00000)]
  0x00000239a15f7000 JavaThread "Cache worker for cache directory md-rule (C:\Users\NIHAL RAM TRIPATHI\.gradle\caches\6.7.1\md-rule)" [_thread_blocked, id=47120, stack(0x0000004b52c00000,0x0000004b52d00000)]
  0x00000239a15f8000 JavaThread "Cache worker for Build Output Cleanup Cache (C:\Users\NIHAL RAM TRIPATHI\AaadiYogi\.gradle\buildOutputCleanup)" [_thread_blocked, id=21284, stack(0x0000004b53500000,0x0000004b53600000)]
  0x000002399f84c800 JavaThread "Build operations" [_thread_blocked, id=27748, stack(0x0000004b53700000,0x0000004b53800000)]
  0x000002399f84e000 JavaThread "Build operations Thread 2" [_thread_blocked, id=43620, stack(0x0000004b53800000,0x0000004b53900000)]
  0x000002399f84f000 JavaThread "Build operations Thread 3" [_thread_blocked, id=35368, stack(0x0000004b53900000,0x0000004b53a00000)]
  0x000002399f849000 JavaThread "Build operations Thread 4" [_thread_blocked, id=29924, stack(0x0000004b53a00000,0x0000004b53b00000)]
  0x000002399f84b000 JavaThread "Build operations Thread 5" [_thread_blocked, id=45864, stack(0x0000004b53b00000,0x0000004b53c00000)]
  0x000002399f84f800 JavaThread "Build operations Thread 6" [_thread_blocked, id=47660, stack(0x0000004b53c00000,0x0000004b53d00000)]
  0x000002399f84a000 JavaThread "Build operations Thread 7" [_thread_blocked, id=37284, stack(0x0000004b59f00000,0x0000004b5a000000)]
  0x000002399f851800 JavaThread "Build operations Thread 8" [_thread_blocked, id=38348, stack(0x0000004b5a100000,0x0000004b5a200000)]
  0x000002399f84b800 JavaThread "build event listener" [_thread_blocked, id=5780, stack(0x0000004b5a200000,0x0000004b5a300000)]
  0x000002399f853000 JavaThread "pool-12-thread-1" [_thread_blocked, id=40380, stack(0x0000004b5a300000,0x0000004b5a400000)]
  0x000002399f850800 JavaThread "build event listener" [_thread_blocked, id=40468, stack(0x0000004b5a700000,0x0000004b5a800000)]
  0x000002399f852000 JavaThread "Execution worker for ':'" [_thread_blocked, id=46980, stack(0x0000004b5a800000,0x0000004b5a900000)]
  0x000002399f853800 JavaThread "Execution worker for ':' Thread 2" [_thread_blocked, id=41800, stack(0x0000004b5a900000,0x0000004b5aa00000)]
  0x000002399f854800 JavaThread "Execution worker for ':' Thread 3" [_thread_blocked, id=45720, stack(0x0000004b5aa00000,0x0000004b5ab00000)]
  0x000002399f855800 JavaThread "Execution worker for ':' Thread 4" [_thread_blocked, id=45712, stack(0x0000004b5ab00000,0x0000004b5ac00000)]
  0x000002399d811000 JavaThread "Execution worker for ':' Thread 5" [_thread_blocked, id=41692, stack(0x0000004b5ac00000,0x0000004b5ad00000)]
  0x000002399d80b000 JavaThread "Execution worker for ':' Thread 6" [_thread_blocked, id=45828, stack(0x0000004b5ad00000,0x0000004b5ae00000)]
  0x00000239a15fc000 JavaThread "Execution worker for ':' Thread 7" [_thread_blocked, id=34660, stack(0x0000004b5ae00000,0x0000004b5af00000)]
  0x00000239a6cc2000 JavaThread "Cache worker for execution history cache (C:\Users\NIHAL RAM TRIPATHI\AaadiYogi\.gradle\6.7.1\executionHistory)" [_thread_blocked, id=44844, stack(0x0000004b5af00000,0x0000004b5b000000)]
  0x00000239a6cc3800 JavaThread "WorkerExecutor Queue" [_thread_blocked, id=44068, stack(0x0000004b5b000000,0x0000004b5b100000)]
  0x00000239a6cc6000 JavaThread "pool-13-thread-1" [_thread_blocked, id=46968, stack(0x0000004b5b100000,0x0000004b5b200000)]
  0x00000239a6cc5000 JavaThread "stderr" [_thread_in_native, id=45068, stack(0x0000004b52d00000,0x0000004b52e00000)]
  0x00000239a6cc0000 JavaThread "stdout" [_thread_in_native, id=46404, stack(0x0000004b53600000,0x0000004b53700000)]
  0x00000239a6cc4800 JavaThread "WorkerExecutor Queue Thread 2" [_thread_blocked, id=1284, stack(0x0000004b5b200000,0x0000004b5b300000)]

Other Threads:
  0x000002399aae1800 VMThread "VM Thread" [stack: 0x0000004b51000000,0x0000004b51100000] [id=46708]
  0x000002399b6ae800 WatcherThread [stack: 0x0000004b51a00000,0x0000004b51b00000] [id=40464]
  0x0000023980030800 GCTaskThread "GC Thread#0" [stack: 0x0000004b50b00000,0x0000004b50c00000] [id=43316]
  0x000002399bf7c000 GCTaskThread "GC Thread#1" [stack: 0x0000004b51c00000,0x0000004b51d00000] [id=15428]
  0x000002399c9b1800 GCTaskThread "GC Thread#2" [stack: 0x0000004b52000000,0x0000004b52100000] [id=38640]
  0x000002399d543000 GCTaskThread "GC Thread#3" [stack: 0x0000004b52100000,0x0000004b52200000] [id=18104]
  0x000002399c118800 GCTaskThread "GC Thread#4" [stack: 0x0000004b52200000,0x0000004b52300000] [id=47760]
  0x000002399c24e000 GCTaskThread "GC Thread#5" [stack: 0x0000004b52300000,0x0000004b52400000] [id=46964]
  0x000002399b918800 GCTaskThread "GC Thread#6" [stack: 0x0000004b52e00000,0x0000004b52f00000] [id=46292]
  0x000002399c7b1000 GCTaskThread "GC Thread#7" [stack: 0x0000004b52f00000,0x0000004b53000000] [id=13088]
  0x0000023980062800 ConcurrentGCThread "G1 Main Marker" [stack: 0x0000004b50c00000,0x0000004b50d00000] [id=39840]
  0x0000023980065000 ConcurrentGCThread "G1 Conc#0" [stack: 0x0000004b50d00000,0x0000004b50e00000] [id=38592]
  0x000002399d7f3800 ConcurrentGCThread "G1 Conc#1" [stack: 0x0000004b53200000,0x0000004b53300000] [id=45760]
  0x00000239800ee000 ConcurrentGCThread "G1 Refine#0" [stack: 0x0000004b50e00000,0x0000004b50f00000] [id=44656]
  0x000002399cea6800 ConcurrentGCThread "G1 Refine#1" [stack: 0x0000004b52400000,0x0000004b52500000] [id=46720]
  0x000002399cea9000 ConcurrentGCThread "G1 Refine#2" [stack: 0x0000004b52500000,0x0000004b52600000] [id=35880]
  0x00000239800ef000 ConcurrentGCThread "G1 Young RemSet Sampling" [stack: 0x0000004b50f00000,0x0000004b51000000] [id=47964]

Threads with active compile tasks:
C2 CompilerThread0 238289 14763       4       org.gradle.internal.instantiation.generator.AbstractClassGenerator$PropertyMetadata::hasAnnotation (40 bytes)

VM state:at safepoint (normal execution)

VM Mutex/Monitor currently owned by a thread:  ([mutex/lock_event])
[0x0000023980014310] Threads_lock - owner thread: 0x000002399aae1800
[0x0000023980012e40] Heap_lock - owner thread: 0x00000239a6cc3800

Heap address: 0x0000000080000000, size: 2048 MB, Compressed Oops mode: 32-bit
Narrow klass base: 0x0000000000000000, Narrow klass shift: 3
Compressed class space size: 1073741824 Address: 0x0000000100000000

Heap:
 garbage-first heap   total 172032K, used 110208K [0x0000000080000000, 0x0000000100000000)
  region size 1024K, 2 young (2048K), 2 survivors (2048K)
 Metaspace       used 108238K, capacity 111093K, committed 111228K, reserved 1159168K
  class space    used 13514K, capacity 14481K, committed 14592K, reserved 1048576K
Heap Regions: E=young(eden), S=young(survivor), O=old, HS=humongous(starts), HC=humongous(continues), CS=collection set, F=free, A=archive, TAMS=top-at-mark-start (previous, next)
|   0|0x0000000080000000, 0x0000000080100000, 0x0000000080100000|100%| O|  |TAMS 0x0000000080100000, 0x0000000080100000| Untracked 
|   1|0x0000000080100000, 0x0000000080200000, 0x0000000080200000|100%| O|  |TAMS 0x0000000080200000, 0x0000000080200000| Untracked 
|   2|0x0000000080200000, 0x0000000080300000, 0x0000000080300000|100%| O|  |TAMS 0x0000000080300000, 0x0000000080300000| Untracked 
|   3|0x0000000080300000, 0x0000000080400000, 0x0000000080400000|100%|HS|  |TAMS 0x0000000080400000, 0x0000000080400000| Complete 
|   4|0x0000000080400000, 0x0000000080500000, 0x0000000080500000|100%|HC|  |TAMS 0x0000000080500000, 0x0000000080500000| Complete 
|   5|0x0000000080500000, 0x0000000080600000, 0x0000000080600000|100%|HC|  |TAMS 0x0000000080600000, 0x0000000080600000| Complete 
|   6|0x0000000080600000, 0x0000000080700000, 0x0000000080700000|100%| O|  |TAMS 0x0000000080700000, 0x0000000080700000| Untracked 
|   7|0x0000000080700000, 0x0000000080800000, 0x0000000080800000|100%| O|  |TAMS 0x0000000080800000, 0x0000000080800000| Untracked 
|   8|0x0000000080800000, 0x0000000080900000, 0x0000000080900000|100%| O|  |TAMS 0x0000000080900000, 0x0000000080900000| Untracked 
|   9|0x0000000080900000, 0x0000000080a00000, 0x0000000080a00000|100%| O|  |TAMS 0x0000000080a00000, 0x0000000080a00000| Untracked 
|  10|0x0000000080a00000, 0x0000000080b00000, 0x0000000080b00000|100%| O|  |TAMS 0x0000000080b00000, 0x0000000080b00000| Untracked 
|  11|0x0000000080b00000, 0x0000000080c00000, 0x0000000080c00000|100%| O|  |TAMS 0x0000000080c00000, 0x0000000080c00000| Untracked 
|  12|0x0000000080c00000, 0x0000000080d00000, 0x0000000080d00000|100%| O|  |TAMS 0x0000000080d00000, 0x0000000080d00000| Untracked 
|  13|0x0000000080d00000, 0x0000000080e00000, 0x0000000080e00000|100%| O|  |TAMS 0x0000000080e00000, 0x0000000080e00000| Untracked 
|  14|0x0000000080e00000, 0x0000000080f00000, 0x0000000080f00000|100%| O|  |TAMS 0x0000000080f00000, 0x0000000080f00000| Untracked 
|  15|0x0000000080f00000, 0x0000000081000000, 0x0000000081000000|100%|HS|  |TAMS 0x0000000081000000, 0x0000000081000000| Complete 
|  16|0x0000000081000000, 0x0000000081100000, 0x0000000081100000|100%|HC|  |TAMS 0x0000000081100000, 0x0000000081100000| Complete 
|  17|0x0000000081100000, 0x0000000081200000, 0x0000000081200000|100%|HS|  |TAMS 0x0000000081200000, 0x0000000081200000| Complete 
|  18|0x0000000081200000, 0x0000000081300000, 0x0000000081300000|100%|HC|  |TAMS 0x0000000081300000, 0x0000000081300000| Complete 
|  19|0x0000000081300000, 0x0000000081400000, 0x0000000081400000|100%|HC|  |TAMS 0x0000000081400000, 0x0000000081400000| Complete 
|  20|0x0000000081400000, 0x0000000081500000, 0x0000000081500000|100%|HS|  |TAMS 0x0000000081500000, 0x0000000081500000| Complete 
|  21|0x0000000081500000, 0x0000000081600000, 0x0000000081600000|100%|HC|  |TAMS 0x0000000081600000, 0x0000000081600000| Complete 
|  22|0x0000000081600000, 0x0000000081700000, 0x0000000081700000|100%|HC|  |TAMS 0x0000000081700000, 0x0000000081700000| Complete 
|  23|0x0000000081700000, 0x0000000081800000, 0x0000000081800000|100%|HC|  |TAMS 0x0000000081800000, 0x0000000081800000| Complete 
|  24|0x0000000081800000, 0x0000000081900000, 0x0000000081900000|100%| O|  |TAMS 0x0000000081900000, 0x0000000081900000| Untracked 
|  25|0x0000000081900000, 0x0000000081a00000, 0x0000000081a00000|100%| O|  |TAMS 0x0000000081a00000, 0x0000000081a00000| Untracked 
|  26|0x0000000081a00000, 0x0000000081b00000, 0x0000000081b00000|100%| O|  |TAMS 0x0000000081b00000, 0x0000000081b00000| Untracked 
|  27|0x0000000081b00000, 0x0000000081c00000, 0x0000000081c00000|100%| O|  |TAMS 0x0000000081c00000, 0x0000000081c00000| Untracked 
|  28|0x0000000081c00000, 0x0000000081d00000, 0x0000000081d00000|100%| O|  |TAMS 0x0000000081d00000, 0x0000000081d00000| Untracked 
|  29|0x0000000081d00000, 0x0000000081e00000, 0x0000000081e00000|100%| O|  |TAMS 0x0000000081e00000, 0x0000000081e00000| Untracked 
|  30|0x0000000081e00000, 0x0000000081f00000, 0x0000000081f00000|100%|HS|  |TAMS 0x0000000081f00000, 0x0000000081f00000| Complete 
|  31|0x0000000081f00000, 0x0000000082000000, 0x0000000082000000|100%|HC|  |TAMS 0x0000000082000000, 0x0000000082000000| Complete 
|  32|0x0000000082000000, 0x0000000082100000, 0x0000000082100000|100%|HC|  |TAMS 0x0000000082100000, 0x0000000082100000| Complete 
|  33|0x0000000082100000, 0x0000000082200000, 0x0000000082200000|100%|HC|  |TAMS 0x0000000082200000, 0x0000000082200000| Complete 
|  34|0x0000000082200000, 0x0000000082300000, 0x0000000082300000|100%|HS|  |TAMS 0x0000000082300000, 0x0000000082300000| Complete 
|  35|0x0000000082300000, 0x0000000082400000, 0x0000000082400000|100%|HC|  |TAMS 0x0000000082400000, 0x0000000082400000| Complete 
|  36|0x0000000082400000, 0x0000000082500000, 0x0000000082500000|100%|HC|  |TAMS 0x0000000082500000, 0x0000000082500000| Complete 
|  37|0x0000000082500000, 0x0000000082600000, 0x0000000082600000|100%| O|  |TAMS 0x0000000082600000, 0x0000000082600000| Untracked 
|  38|0x0000000082600000, 0x0000000082700000, 0x0000000082700000|100%| O|  |TAMS 0x0000000082700000, 0x0000000082700000| Untracked 
|  39|0x0000000082700000, 0x0000000082800000, 0x0000000082800000|100%| O|  |TAMS 0x0000000082800000, 0x0000000082800000| Untracked 
|  40|0x0000000082800000, 0x0000000082900000, 0x0000000082900000|100%| O|  |TAMS 0x0000000082900000, 0x0000000082900000| Untracked 
|  41|0x0000000082900000, 0x0000000082a00000, 0x0000000082a00000|100%| O|  |TAMS 0x0000000082a00000, 0x0000000082a00000| Untracked 
|  42|0x0000000082a00000, 0x0000000082b00000, 0x0000000082b00000|100%| O|  |TAMS 0x0000000082b00000, 0x0000000082b00000| Untracked 
|  43|0x0000000082b00000, 0x0000000082c00000, 0x0000000082c00000|100%| O|  |TAMS 0x0000000082c00000, 0x0000000082c00000| Untracked 
|  44|0x0000000082c00000, 0x0000000082d00000, 0x0000000082d00000|100%| O|  |TAMS 0x0000000082d00000, 0x0000000082d00000| Untracked 
|  45|0x0000000082d00000, 0x0000000082e00000, 0x0000000082e00000|100%| O|  |TAMS 0x0000000082e00000, 0x0000000082e00000| Untracked 
|  46|0x0000000082e00000, 0x0000000082f00000, 0x0000000082f00000|100%| O|  |TAMS 0x0000000082f00000, 0x0000000082f00000| Untracked 
|  47|0x0000000082f00000, 0x0000000083000000, 0x0000000083000000|100%| O|  |TAMS 0x0000000083000000, 0x0000000083000000| Untracked 
|  48|0x0000000083000000, 0x0000000083100000, 0x0000000083100000|100%|HS|  |TAMS 0x0000000083100000, 0x0000000083100000| Complete 
|  49|0x0000000083100000, 0x0000000083200000, 0x0000000083200000|100%| O|  |TAMS 0x0000000083200000, 0x0000000083200000| Untracked 
|  50|0x0000000083200000, 0x0000000083300000, 0x0000000083300000|100%| O|  |TAMS 0x0000000083300000, 0x0000000083300000| Untracked 
|  51|0x0000000083300000, 0x0000000083400000, 0x0000000083400000|100%| O|  |TAMS 0x0000000083400000, 0x0000000083400000| Untracked 
|  52|0x0000000083400000, 0x0000000083500000, 0x0000000083500000|100%| O|  |TAMS 0x0000000083500000, 0x0000000083500000| Untracked 
|  53|0x0000000083500000, 0x0000000083600000, 0x0000000083600000|100%|HS|  |TAMS 0x0000000083600000, 0x0000000083600000| Complete 
|  54|0x0000000083600000, 0x0000000083700000, 0x0000000083700000|100%|HC|  |TAMS 0x0000000083700000, 0x0000000083700000| Complete 
|  55|0x0000000083700000, 0x0000000083800000, 0x0000000083800000|100%| O|  |TAMS 0x0000000083800000, 0x0000000083800000| Untracked 
|  56|0x0000000083800000, 0x0000000083900000, 0x0000000083900000|100%| O|  |TAMS 0x0000000083900000, 0x0000000083900000| Untracked 
|  57|0x0000000083900000, 0x0000000083a00000, 0x0000000083a00000|100%| O|  |TAMS 0x0000000083a00000, 0x0000000083a00000| Untracked 
|  58|0x0000000083a00000, 0x0000000083b00000, 0x0000000083b00000|100%| O|  |TAMS 0x0000000083b00000, 0x0000000083b00000| Untracked 
|  59|0x0000000083b00000, 0x0000000083c00000, 0x0000000083c00000|100%| O|  |TAMS 0x0000000083c00000, 0x0000000083c00000| Untracked 
|  60|0x0000000083c00000, 0x0000000083d00000, 0x0000000083d00000|100%| O|  |TAMS 0x0000000083d00000, 0x0000000083d00000| Untracked 
|  61|0x0000000083d00000, 0x0000000083e00000, 0x0000000083e00000|100%| O|  |TAMS 0x0000000083e00000, 0x0000000083e00000| Untracked 
|  62|0x0000000083e00000, 0x0000000083f00000, 0x0000000083f00000|100%| O|  |TAMS 0x0000000083f00000, 0x0000000083f00000| Untracked 
|  63|0x0000000083f00000, 0x0000000084000000, 0x0000000084000000|100%| O|  |TAMS 0x0000000084000000, 0x0000000084000000| Untracked 
|  64|0x0000000084000000, 0x0000000084100000, 0x0000000084100000|100%| O|  |TAMS 0x0000000084100000, 0x0000000084100000| Untracked 
|  65|0x0000000084100000, 0x0000000084200000, 0x0000000084200000|100%| O|  |TAMS 0x0000000084200000, 0x0000000084200000| Untracked 
|  66|0x0000000084200000, 0x0000000084300000, 0x0000000084300000|100%| O|  |TAMS 0x0000000084300000, 0x0000000084300000| Untracked 
|  67|0x0000000084300000, 0x0000000084400000, 0x0000000084400000|100%| O|  |TAMS 0x0000000084400000, 0x0000000084400000| Untracked 
|  68|0x0000000084400000, 0x0000000084500000, 0x0000000084500000|100%| O|  |TAMS 0x0000000084500000, 0x0000000084500000| Untracked 
|  69|0x0000000084500000, 0x0000000084600000, 0x0000000084600000|100%| O|  |TAMS 0x0000000084600000, 0x0000000084600000| Untracked 
|  70|0x0000000084600000, 0x0000000084700000, 0x0000000084700000|100%| O|  |TAMS 0x0000000084700000, 0x0000000084700000| Untracked 
|  71|0x0000000084700000, 0x0000000084800000, 0x0000000084800000|100%| O|  |TAMS 0x0000000084800000, 0x0000000084800000| Untracked 
|  72|0x0000000084800000, 0x0000000084900000, 0x0000000084900000|100%| O|  |TAMS 0x0000000084900000, 0x0000000084900000| Untracked 
|  73|0x0000000084900000, 0x00000000849ffff8, 0x0000000084a00000| 99%| O|  |TAMS 0x00000000849ffff8, 0x00000000849ffff8| Untracked 
|  74|0x0000000084a00000, 0x0000000084b00000, 0x0000000084b00000|100%| O|  |TAMS 0x0000000084b00000, 0x0000000084b00000| Untracked 
|  75|0x0000000084b00000, 0x0000000084c00000, 0x0000000084c00000|100%| O|  |TAMS 0x0000000084c00000, 0x0000000084c00000| Untracked 
|  76|0x0000000084c00000, 0x0000000084d00000, 0x0000000084d00000|100%| O|  |TAMS 0x0000000084d00000, 0x0000000084d00000| Untracked 
|  77|0x0000000084d00000, 0x0000000084e00000, 0x0000000084e00000|100%| O|  |TAMS 0x0000000084e00000, 0x0000000084e00000| Untracked 
|  78|0x0000000084e00000, 0x0000000084f00000, 0x0000000084f00000|100%| O|  |TAMS 0x0000000084f00000, 0x0000000084f00000| Untracked 
|  79|0x0000000084f00000, 0x0000000085000000, 0x0000000085000000|100%| O|  |TAMS 0x0000000085000000, 0x0000000085000000| Untracked 
|  80|0x0000000085000000, 0x0000000085100000, 0x0000000085100000|100%| O|  |TAMS 0x0000000085100000, 0x0000000085100000| Untracked 
|  81|0x0000000085100000, 0x0000000085200000, 0x0000000085200000|100%| O|  |TAMS 0x0000000085200000, 0x0000000085200000| Untracked 
|  82|0x0000000085200000, 0x0000000085300000, 0x0000000085300000|100%| O|  |TAMS 0x0000000085300000, 0x0000000085300000| Untracked 
|  83|0x0000000085300000, 0x0000000085400000, 0x0000000085400000|100%| O|  |TAMS 0x0000000085400000, 0x0000000085400000| Untracked 
|  84|0x0000000085400000, 0x0000000085500000, 0x0000000085500000|100%| O|  |TAMS 0x0000000085500000, 0x0000000085500000| Untracked 
|  85|0x0000000085500000, 0x0000000085600000, 0x0000000085600000|100%| O|  |TAMS 0x0000000085600000, 0x0000000085600000| Untracked 
|  86|0x0000000085600000, 0x0000000085700000, 0x0000000085700000|100%| O|  |TAMS 0x0000000085700000, 0x0000000085700000| Untracked 
|  87|0x0000000085700000, 0x0000000085800000, 0x0000000085800000|100%| O|  |TAMS 0x0000000085800000, 0x0000000085800000| Untracked 
|  88|0x0000000085800000, 0x0000000085900000, 0x0000000085900000|100%| O|  |TAMS 0x0000000085900000, 0x0000000085900000| Untracked 
|  89|0x0000000085900000, 0x0000000085a00000, 0x0000000085a00000|100%| O|  |TAMS 0x0000000085a00000, 0x0000000085a00000| Untracked 
|  90|0x0000000085a00000, 0x0000000085b00000, 0x0000000085b00000|100%| O|  |TAMS 0x0000000085b00000, 0x0000000085b00000| Untracked 
|  91|0x0000000085b00000, 0x0000000085c00000, 0x0000000085c00000|100%| O|  |TAMS 0x0000000085c00000, 0x0000000085c00000| Untracked 
|  92|0x0000000085c00000, 0x0000000085d00000, 0x0000000085d00000|100%| O|  |TAMS 0x0000000085d00000, 0x0000000085d00000| Untracked 
|  93|0x0000000085d00000, 0x0000000085e00000, 0x0000000085e00000|100%| O|  |TAMS 0x0000000085e00000, 0x0000000085e00000| Untracked 
|  94|0x0000000085e00000, 0x0000000085f00000, 0x0000000085f00000|100%| O|  |TAMS 0x0000000085f00000, 0x0000000085f00000| Untracked 
|  95|0x0000000085f00000, 0x0000000086000000, 0x0000000086000000|100%| O|  |TAMS 0x0000000086000000, 0x0000000086000000| Untracked 
|  96|0x0000000086000000, 0x0000000086100000, 0x0000000086100000|100%| O|  |TAMS 0x0000000086100000, 0x0000000086100000| Untracked 
|  97|0x0000000086100000, 0x0000000086200000, 0x0000000086200000|100%| O|  |TAMS 0x0000000086200000, 0x0000000086200000| Untracked 
|  98|0x0000000086200000, 0x0000000086300000, 0x0000000086300000|100%| O|  |TAMS 0x0000000086300000, 0x0000000086300000| Untracked 
|  99|0x0000000086300000, 0x0000000086400000, 0x0000000086400000|100%| O|  |TAMS 0x0000000086400000, 0x0000000086400000| Untracked 
| 100|0x0000000086400000, 0x0000000086500000, 0x0000000086500000|100%| O|  |TAMS 0x0000000086500000, 0x0000000086500000| Untracked 
| 101|0x0000000086500000, 0x000000008657ee00, 0x0000000086600000| 49%| O|  |TAMS 0x000000008657ee00, 0x000000008657ee00| Untracked 
| 102|0x0000000086600000, 0x0000000086600000, 0x0000000086700000|  0%| F|  |TAMS 0x0000000086600000, 0x0000000086600000| Untracked 
| 103|0x0000000086700000, 0x0000000086700000, 0x0000000086800000|  0%| F|  |TAMS 0x0000000086700000, 0x0000000086700000| Untracked 
| 104|0x0000000086800000, 0x0000000086800000, 0x0000000086900000|  0%| F|  |TAMS 0x0000000086800000, 0x0000000086800000| Untracked 
| 105|0x0000000086900000, 0x0000000086a00000, 0x0000000086a00000|100%| O|  |TAMS 0x0000000086a00000, 0x0000000086a00000| Untracked 
| 106|0x0000000086a00000, 0x0000000086b00000, 0x0000000086b00000|100%| O|  |TAMS 0x0000000086b00000, 0x0000000086b00000| Untracked 
| 107|0x0000000086b00000, 0x0000000086b00000, 0x0000000086c00000|  0%| F|  |TAMS 0x0000000086b00000, 0x0000000086b00000| Untracked 
| 108|0x0000000086c00000, 0x0000000086d00000, 0x0000000086d00000|100%| O|  |TAMS 0x0000000086d00000, 0x0000000086d00000| Untracked 
| 109|0x0000000086d00000, 0x0000000086e00000, 0x0000000086e00000|100%| O|  |TAMS 0x0000000086e00000, 0x0000000086e00000| Untracked 
| 110|0x0000000086e00000, 0x0000000086f00000, 0x0000000086f00000|100%| O|  |TAMS 0x0000000086f00000, 0x0000000086f00000| Untracked 
| 111|0x0000000086f00000, 0x0000000086f00000, 0x0000000087000000|  0%| F|  |TAMS 0x0000000086f00000, 0x0000000086f00000| Untracked 
| 112|0x0000000087000000, 0x0000000087000000, 0x0000000087100000|  0%| F|  |TAMS 0x0000000087000000, 0x0000000087000000| Untracked 
| 113|0x0000000087100000, 0x0000000087100000, 0x0000000087200000|  0%| F|  |TAMS 0x0000000087100000, 0x0000000087100000| Untracked 
| 114|0x0000000087200000, 0x0000000087200000, 0x0000000087300000|  0%| F|  |TAMS 0x0000000087200000, 0x0000000087200000| Untracked 
| 115|0x0000000087300000, 0x0000000087300000, 0x0000000087400000|  0%| F|  |TAMS 0x0000000087300000, 0x0000000087300000| Untracked 
| 116|0x0000000087400000, 0x0000000087400000, 0x0000000087500000|  0%| F|  |TAMS 0x0000000087400000, 0x0000000087400000| Untracked 
| 117|0x0000000087500000, 0x0000000087500000, 0x0000000087600000|  0%| F|  |TAMS 0x0000000087500000, 0x0000000087500000| Untracked 
| 118|0x0000000087600000, 0x0000000087600000, 0x0000000087700000|  0%| F|  |TAMS 0x0000000087600000, 0x0000000087600000| Untracked 
| 119|0x0000000087700000, 0x0000000087700000, 0x0000000087800000|  0%| F|  |TAMS 0x0000000087700000, 0x0000000087700000| Untracked 
| 120|0x0000000087800000, 0x0000000087800000, 0x0000000087900000|  0%| F|  |TAMS 0x0000000087800000, 0x0000000087800000| Untracked 
| 121|0x0000000087900000, 0x0000000087900000, 0x0000000087a00000|  0%| F|  |TAMS 0x0000000087900000, 0x0000000087900000| Untracked 
| 122|0x0000000087a00000, 0x0000000087a00000, 0x0000000087b00000|  0%| F|  |TAMS 0x0000000087a00000, 0x0000000087a00000| Untracked 
| 123|0x0000000087b00000, 0x0000000087b00000, 0x0000000087c00000|  0%| F|  |TAMS 0x0000000087b00000, 0x0000000087b00000| Untracked 
| 124|0x0000000087c00000, 0x0000000087c00000, 0x0000000087d00000|  0%| F|  |TAMS 0x0000000087c00000, 0x0000000087c00000| Untracked 
| 125|0x0000000087d00000, 0x0000000087d00000, 0x0000000087e00000|  0%| F|  |TAMS 0x0000000087d00000, 0x0000000087d00000| Untracked 
| 126|0x0000000087e00000, 0x0000000087e00000, 0x0000000087f00000|  0%| F|  |TAMS 0x0000000087e00000, 0x0000000087e00000| Untracked 
| 127|0x0000000087f00000, 0x0000000087f00000, 0x0000000088000000|  0%| F|  |TAMS 0x0000000087f00000, 0x0000000087f00000| Untracked 
| 128|0x0000000088000000, 0x0000000088000000, 0x0000000088100000|  0%| F|  |TAMS 0x0000000088000000, 0x0000000088000000| Untracked 
| 129|0x0000000088100000, 0x0000000088100000, 0x0000000088200000|  0%| F|  |TAMS 0x0000000088100000, 0x0000000088100000| Untracked 
| 130|0x0000000088200000, 0x0000000088200000, 0x0000000088300000|  0%| F|  |TAMS 0x0000000088200000, 0x0000000088200000| Untracked 
| 131|0x0000000088300000, 0x0000000088300000, 0x0000000088400000|  0%| F|  |TAMS 0x0000000088300000, 0x0000000088300000| Untracked 
| 132|0x0000000088400000, 0x0000000088400000, 0x0000000088500000|  0%| F|  |TAMS 0x0000000088400000, 0x0000000088400000| Untracked 
| 133|0x0000000088500000, 0x0000000088500000, 0x0000000088600000|  0%| F|  |TAMS 0x0000000088500000, 0x0000000088500000| Untracked 
| 134|0x0000000088600000, 0x0000000088600000, 0x0000000088700000|  0%| F|  |TAMS 0x0000000088600000, 0x0000000088600000| Untracked 
| 135|0x0000000088700000, 0x0000000088700000, 0x0000000088800000|  0%| F|  |TAMS 0x0000000088700000, 0x0000000088700000| Untracked 
| 136|0x0000000088800000, 0x0000000088800000, 0x0000000088900000|  0%| F|  |TAMS 0x0000000088800000, 0x0000000088800000| Untracked 
| 137|0x0000000088900000, 0x0000000088900000, 0x0000000088a00000|  0%| F|  |TAMS 0x0000000088900000, 0x0000000088900000| Untracked 
| 138|0x0000000088a00000, 0x0000000088a00000, 0x0000000088b00000|  0%| F|  |TAMS 0x0000000088a00000, 0x0000000088a00000| Untracked 
| 139|0x0000000088b00000, 0x0000000088b00000, 0x0000000088c00000|  0%| F|  |TAMS 0x0000000088b00000, 0x0000000088b00000| Untracked 
| 140|0x0000000088c00000, 0x0000000088c00000, 0x0000000088d00000|  0%| F|  |TAMS 0x0000000088c00000, 0x0000000088c00000| Untracked 
| 141|0x0000000088d00000, 0x0000000088d00000, 0x0000000088e00000|  0%| F|  |TAMS 0x0000000088d00000, 0x0000000088d00000| Untracked 
| 142|0x0000000088e00000, 0x0000000088e00000, 0x0000000088f00000|  0%| F|  |TAMS 0x0000000088e00000, 0x0000000088e00000| Untracked 
| 143|0x0000000088f00000, 0x0000000088f00000, 0x0000000089000000|  0%| F|  |TAMS 0x0000000088f00000, 0x0000000088f00000| Untracked 
| 144|0x0000000089000000, 0x0000000089000000, 0x0000000089100000|  0%| F|  |TAMS 0x0000000089000000, 0x0000000089000000| Untracked 
| 145|0x0000000089100000, 0x0000000089100000, 0x0000000089200000|  0%| F|  |TAMS 0x0000000089100000, 0x0000000089100000| Untracked 
| 146|0x0000000089200000, 0x0000000089200000, 0x0000000089300000|  0%| F|  |TAMS 0x0000000089200000, 0x0000000089200000| Untracked 
| 147|0x0000000089300000, 0x0000000089300000, 0x0000000089400000|  0%| F|  |TAMS 0x0000000089300000, 0x0000000089300000| Untracked 
| 148|0x0000000089400000, 0x0000000089400000, 0x0000000089500000|  0%| F|  |TAMS 0x0000000089400000, 0x0000000089400000| Untracked 
| 149|0x0000000089500000, 0x0000000089500000, 0x0000000089600000|  0%| F|  |TAMS 0x0000000089500000, 0x0000000089500000| Untracked 
| 150|0x0000000089600000, 0x0000000089600000, 0x0000000089700000|  0%| F|  |TAMS 0x0000000089600000, 0x0000000089600000| Untracked 
| 151|0x0000000089700000, 0x0000000089700000, 0x0000000089800000|  0%| F|  |TAMS 0x0000000089700000, 0x0000000089700000| Untracked 
| 152|0x0000000089800000, 0x0000000089821260, 0x0000000089900000| 12%| S|CS|TAMS 0x0000000089800000, 0x0000000089800000| Complete 
| 153|0x0000000089900000, 0x0000000089a00000, 0x0000000089a00000|100%| S|CS|TAMS 0x0000000089900000, 0x0000000089900000| Complete 
| 154|0x0000000089a00000, 0x0000000089a00000, 0x0000000089b00000|  0%| F|  |TAMS 0x0000000089a00000, 0x0000000089a00000| Untracked 
| 155|0x0000000089b00000, 0x0000000089b00000, 0x0000000089c00000|  0%| F|  |TAMS 0x0000000089b00000, 0x0000000089b00000| Untracked 
| 156|0x0000000089c00000, 0x0000000089c00000, 0x0000000089d00000|  0%| F|  |TAMS 0x0000000089c00000, 0x0000000089c00000| Untracked 
| 157|0x0000000089d00000, 0x0000000089d00000, 0x0000000089e00000|  0%| F|  |TAMS 0x0000000089d00000, 0x0000000089d00000| Untracked 
| 158|0x0000000089e00000, 0x0000000089e00000, 0x0000000089f00000|  0%| F|  |TAMS 0x0000000089e00000, 0x0000000089e00000| Untracked 
| 159|0x0000000089f00000, 0x0000000089f00000, 0x000000008a000000|  0%| F|  |TAMS 0x0000000089f00000, 0x0000000089f00000| Untracked 
| 160|0x000000008a000000, 0x000000008a000000, 0x000000008a100000|  0%| F|  |TAMS 0x000000008a000000, 0x000000008a000000| Untracked 
| 161|0x000000008a100000, 0x000000008a100000, 0x000000008a200000|  0%| F|  |TAMS 0x000000008a100000, 0x000000008a100000| Untracked 
| 162|0x000000008a200000, 0x000000008a200000, 0x000000008a300000|  0%| F|  |TAMS 0x000000008a200000, 0x000000008a200000| Untracked 
| 163|0x000000008a300000, 0x000000008a300000, 0x000000008a400000|  0%| F|  |TAMS 0x000000008a300000, 0x000000008a300000| Untracked 
| 164|0x000000008a400000, 0x000000008a400000, 0x000000008a500000|  0%| F|  |TAMS 0x000000008a400000, 0x000000008a400000| Untracked 
| 165|0x000000008a500000, 0x000000008a500000, 0x000000008a600000|  0%| F|  |TAMS 0x000000008a500000, 0x000000008a500000| Untracked 
| 166|0x000000008a600000, 0x000000008a600000, 0x000000008a700000|  0%| F|  |TAMS 0x000000008a600000, 0x000000008a600000| Untracked 
| 167|0x000000008a700000, 0x000000008a700000, 0x000000008a800000|  0%| F|  |TAMS 0x000000008a700000, 0x000000008a700000| Untracked 

Card table byte_map: [0x0000023993830000,0x0000023993c30000] _byte_map_base: 0x0000023993430000

Marking Bits (Prev, Next): (CMBitMap*) 0x0000023980059c60, (CMBitMap*) 0x0000023980059c28
 Prev Bits: [0x0000023996030000, 0x0000023998030000)
 Next Bits: [0x0000023994030000, 0x0000023996030000)

Polling page: 0x00000239839a0000

Metaspace:

Usage:
  Non-class:     94.35 MB capacity,    92.50 MB ( 98%) used,     1.56 MB (  2%) free+waste,   294.38 KB ( <1%) overhead. 
      Class:     14.14 MB capacity,    13.20 MB ( 93%) used,   833.04 KB (  6%) free+waste,   133.44 KB ( <1%) overhead. 
       Both:    108.49 MB capacity,   105.70 MB ( 97%) used,     2.37 MB (  2%) free+waste,   427.81 KB ( <1%) overhead. 

Virtual space:
  Non-class space:      108.00 MB reserved,      94.37 MB ( 87%) committed 
      Class space:        1.00 GB reserved,      14.25 MB (  1%) committed 
             Both:        1.11 GB reserved,     108.62 MB ( 10%) committed 

Chunk freelists:
   Non-Class:  24.00 KB
       Class:  15.00 KB
        Both:  39.00 KB

MaxMetaspaceSize: 17179869184.00 GB
CompressedClassSpaceSize: 1.00 GB

CodeHeap 'non-profiled nmethods': size=120000Kb used=9069Kb max_used=9069Kb free=110930Kb
 bounds [0x000002398b490000, 0x000002398bd70000, 0x00000239929c0000]
CodeHeap 'profiled nmethods': size=120000Kb used=26640Kb max_used=26640Kb free=93359Kb
 bounds [0x0000023983f60000, 0x0000023985980000, 0x000002398b490000]
CodeHeap 'non-nmethods': size=5760Kb used=2328Kb max_used=2380Kb free=3431Kb
 bounds [0x00000239839c0000, 0x0000023983c30000, 0x0000023983f60000]
 total_blobs=13699 nmethods=12762 adapters=847
 compilation: enabled
              stopped_count=0, restarted_count=0
 full_count=0

Compilation events (20 events):
Event: 237.830 Thread 0x000002399b4b4000 14782       3       com.google.common.base.Preconditions::checkArgument (17 bytes)
Event: 237.831 Thread 0x000002399b4b4000 nmethod 14782 0x0000023985975210 code [0x0000023985975400, 0x0000023985975758]
Event: 237.831 Thread 0x000002399b4b4000 14781       3       com.android.builder.files.RelativeFile::<init> (37 bytes)
Event: 237.832 Thread 0x000002399b4b4000 nmethod 14781 0x0000023985975890 code [0x0000023985975aa0, 0x0000023985976088]
Event: 237.875 Thread 0x000002399b4b4000 14783       3       jdk.management.jfr.internal.FlightRecorderMXBeanProvider$SingleMBeanComponent::mbeanInterfaceNames (11 bytes)
Event: 237.876 Thread 0x000002399b4b4000 nmethod 14783 0x0000023985976310 code [0x0000023985976500, 0x0000023985976988]
Event: 237.892 Thread 0x000002399b4b4000 14785       3       com.google.gson.internal.Excluder::excludeClassInStrategy (64 bytes)
Event: 237.893 Thread 0x000002399b4b4000 nmethod 14785 0x0000023985976b90 code [0x0000023985976da0, 0x0000023985977378]
Event: 237.900 Thread 0x000002399b4b4000 14786       3       com.sun.org.apache.xerces.internal.util.AugmentationsImpl::<init> (17 bytes)
Event: 237.901 Thread 0x000002399b4b4000 nmethod 14786 0x0000023985977510 code [0x0000023985977700, 0x0000023985977bd8]
Event: 237.901 Thread 0x000002399b4b4000 14787       3       com.sun.org.apache.xerces.internal.util.AugmentationsImpl$SmallContainer::<init> (25 bytes)
Event: 237.902 Thread 0x000002399b4b4000 nmethod 14787 0x0000023985977d10 code [0x0000023985977ee0, 0x0000023985978258]
Event: 237.903 Thread 0x000002399b4b4000 14788       3       com.sun.org.apache.xerces.internal.impl.XMLEntityScanner::invokeListeners (37 bytes)
Event: 237.904 Thread 0x000002399b4b4000 nmethod 14788 0x0000023985978390 code [0x00000239859785a0, 0x0000023985978d38]
Event: 237.904 Thread 0x000002399b4b4000 14789       3       com.sun.org.apache.xerces.internal.impl.XMLEntityScanner::load (200 bytes)
Event: 237.907 Thread 0x000002399b4b4000 nmethod 14789 0x0000023985979010 code [0x0000023985979220, 0x0000023985979778]
Event: 237.917 Thread 0x000002399b4b4000 14790  s    1       java.util.Vector::size (5 bytes)
Event: 237.917 Thread 0x000002399b4b4000 nmethod 14790 0x000002398bd6c010 code [0x000002398bd6c1c0, 0x000002398bd6c3d8]
Event: 237.952 Thread 0x000002399b4b4000 14791       3       com.google.gson.internal.$Gson$Types::canonicalize (139 bytes)
Event: 237.953 Thread 0x000002399b4b4000 nmethod 14791 0x0000023985979990 code [0x0000023985979ca0, 0x000002398597b028]

GC Heap History (20 events):
Event: 185.123 GC heap before
{Heap before GC invocations=81 (full 0):
 garbage-first heap   total 172032K, used 114213K [0x0000000080000000, 0x0000000100000000)
  region size 1024K, 8 young (8192K), 2 survivors (2048K)
 Metaspace       used 102353K, capacity 105108K, committed 105340K, reserved 1140736K
  class space    used 12834K, capacity 13791K, committed 13824K, reserved 1048576K
}
Event: 185.143 GC heap after
{Heap after GC invocations=82 (full 0):
 garbage-first heap   total 172032K, used 104856K [0x0000000080000000, 0x0000000100000000)
  region size 1024K, 1 young (1024K), 1 survivors (1024K)
 Metaspace       used 102353K, capacity 105108K, committed 105340K, reserved 1140736K
  class space    used 12834K, capacity 13791K, committed 13824K, reserved 1048576K
}
Event: 185.609 GC heap before
{Heap before GC invocations=82 (full 0):
 garbage-first heap   total 172032K, used 142744K [0x0000000080000000, 0x0000000100000000)
  region size 1024K, 39 young (39936K), 1 survivors (1024K)
 Metaspace       used 102403K, capacity 105184K, committed 105340K, reserved 1140736K
  class space    used 12835K, capacity 13792K, committed 13824K, reserved 1048576K
}
Event: 185.615 GC heap after
{Heap after GC invocations=83 (full 0):
 garbage-first heap   total 172032K, used 105289K [0x0000000080000000, 0x0000000100000000)
  region size 1024K, 1 young (1024K), 1 survivors (1024K)
 Metaspace       used 102403K, capacity 105184K, committed 105340K, reserved 1140736K
  class space    used 12835K, capacity 13792K, committed 13824K, reserved 1048576K
}
Event: 211.921 GC heap before
{Heap before GC invocations=84 (full 0):
 garbage-first heap   total 172032K, used 144201K [0x0000000080000000, 0x0000000100000000)
  region size 1024K, 40 young (40960K), 1 survivors (1024K)
 Metaspace       used 102698K, capacity 105451K, committed 105596K, reserved 1140736K
  class space    used 12842K, capacity 13804K, committed 13824K, reserved 1048576K
}
Event: 211.936 GC heap after
{Heap after GC invocations=85 (full 0):
 garbage-first heap   total 172032K, used 109023K [0x0000000080000000, 0x0000000100000000)
  region size 1024K, 5 young (5120K), 5 survivors (5120K)
 Metaspace       used 102698K, capacity 105451K, committed 105596K, reserved 1140736K
  class space    used 12842K, capacity 13804K, committed 13824K, reserved 1048576K
}
Event: 211.987 GC heap before
{Heap before GC invocations=85 (full 0):
 garbage-first heap   total 172032K, used 112095K [0x0000000080000000, 0x0000000100000000)
  region size 1024K, 8 young (8192K), 5 survivors (5120K)
 Metaspace       used 102698K, capacity 105451K, committed 105596K, reserved 1140736K
  class space    used 12842K, capacity 13804K, committed 13824K, reserved 1048576K
}
Event: 212.011 GC heap after
{Heap after GC invocations=86 (full 0):
 garbage-first heap   total 172032K, used 109209K [0x0000000080000000, 0x0000000100000000)
  region size 1024K, 1 young (1024K), 1 survivors (1024K)
 Metaspace       used 102698K, capacity 105451K, committed 105596K, reserved 1140736K
  class space    used 12842K, capacity 13804K, committed 13824K, reserved 1048576K
}
Event: 212.744 GC heap before
{Heap before GC invocations=86 (full 0):
 garbage-first heap   total 172032K, used 145049K [0x0000000080000000, 0x0000000100000000)
  region size 1024K, 37 young (37888K), 1 survivors (1024K)
 Metaspace       used 102743K, capacity 105469K, committed 105596K, reserved 1140736K
  class space    used 12845K, capacity 13810K, committed 13824K, reserved 1048576K
}
Event: 212.755 GC heap after
{Heap after GC invocations=87 (full 0):
 garbage-first heap   total 172032K, used 109506K [0x0000000080000000, 0x0000000100000000)
  region size 1024K, 1 young (1024K), 1 survivors (1024K)
 Metaspace       used 102743K, capacity 105469K, committed 105596K, reserved 1140736K
  class space    used 12845K, capacity 13810K, committed 13824K, reserved 1048576K
}
Event: 213.946 GC heap before
{Heap before GC invocations=88 (full 0):
 garbage-first heap   total 172032K, used 146370K [0x0000000080000000, 0x0000000100000000)
  region size 1024K, 38 young (38912K), 1 survivors (1024K)
 Metaspace       used 103648K, capacity 106395K, committed 106492K, reserved 1142784K
  class space    used 12987K, capacity 13943K, committed 13952K, reserved 1048576K
}
Event: 213.953 GC heap after
{Heap after GC invocations=89 (full 0):
 garbage-first heap   total 172032K, used 110115K [0x0000000080000000, 0x0000000100000000)
  region size 1024K, 2 young (2048K), 2 survivors (2048K)
 Metaspace       used 103648K, capacity 106395K, committed 106492K, reserved 1142784K
  class space    used 12987K, capacity 13943K, committed 13952K, reserved 1048576K
}
Event: 214.058 GC heap before
{Heap before GC invocations=89 (full 0):
 garbage-first heap   total 172032K, used 116259K [0x0000000080000000, 0x0000000100000000)
  region size 1024K, 8 young (8192K), 2 survivors (2048K)
 Metaspace       used 103800K, capacity 106523K, committed 106748K, reserved 1142784K
  class space    used 13007K, capacity 13943K, committed 13952K, reserved 1048576K
}
Event: 214.090 GC heap after
{Heap after GC invocations=90 (full 0):
 garbage-first heap   total 172032K, used 104608K [0x0000000080000000, 0x0000000100000000)
  region size 1024K, 1 young (1024K), 1 survivors (1024K)
 Metaspace       used 103800K, capacity 106523K, committed 106748K, reserved 1142784K
  class space    used 13007K, capacity 13943K, committed 13952K, reserved 1048576K
}
Event: 214.649 GC heap before
{Heap before GC invocations=90 (full 0):
 garbage-first heap   total 172032K, used 143520K [0x0000000080000000, 0x0000000100000000)
  region size 1024K, 40 young (40960K), 1 survivors (1024K)
 Metaspace       used 105013K, capacity 107743K, committed 108028K, reserved 1142784K
  class space    used 13172K, capacity 14136K, committed 14208K, reserved 1048576K
}
Event: 214.658 GC heap after
{Heap after GC invocations=91 (full 0):
 garbage-first heap   total 172032K, used 105110K [0x0000000080000000, 0x0000000100000000)
  region size 1024K, 1 young (1024K), 1 survivors (1024K)
 Metaspace       used 105013K, capacity 107743K, committed 108028K, reserved 1142784K
  class space    used 13172K, capacity 14136K, committed 14208K, reserved 1048576K
}
Event: 227.511 GC heap before
{Heap before GC invocations=92 (full 0):
 garbage-first heap   total 172032K, used 145046K [0x0000000080000000, 0x0000000100000000)
  region size 1024K, 41 young (41984K), 1 survivors (1024K)
 Metaspace       used 106978K, capacity 109850K, committed 110076K, reserved 1144832K
  class space    used 13383K, capacity 14350K, committed 14464K, reserved 1048576K
}
Event: 227.765 GC heap after
{Heap after GC invocations=93 (full 0):
 garbage-first heap   total 172032K, used 109973K [0x0000000080000000, 0x0000000100000000)
  region size 1024K, 6 young (6144K), 6 survivors (6144K)
 Metaspace       used 106978K, capacity 109850K, committed 110076K, reserved 1144832K
  class space    used 13383K, capacity 14350K, committed 14464K, reserved 1048576K
}
Event: 234.772 GC heap before
{Heap before GC invocations=93 (full 0):
 garbage-first heap   total 172032K, used 144789K [0x0000000080000000, 0x0000000100000000)
  region size 1024K, 41 young (41984K), 6 survivors (6144K)
 Metaspace       used 107552K, capacity 110424K, committed 110588K, reserved 1144832K
  class space    used 13427K, capacity 14392K, committed 14464K, reserved 1048576K
}
Event: 235.136 GC heap after
{Heap after GC invocations=94 (full 0):
 garbage-first heap   total 172032K, used 109986K [0x0000000080000000, 0x0000000100000000)
  region size 1024K, 1 young (1024K), 1 survivors (1024K)
 Metaspace       used 107552K, capacity 110424K, committed 110588K, reserved 1144832K
  class space    used 13427K, capacity 14392K, committed 14464K, reserved 1048576K
}

Deoptimization events (20 events):
Event: 237.300 Thread 0x000002399f852000 Uncommon trap: trap_request=0xffffffde fr.pc=0x000002398bd4fbf4 relative=0x0000000000000154
Event: 237.300 Thread 0x000002399f852000 Uncommon trap: reason=class_check action=maybe_recompile pc=0x000002398bd4fbf4 method=com.google.common.collect.CompactHashMap$Itr.<init>(Lcom/google/common/collect/CompactHashMap;)V @ 25 c2
Event: 237.300 Thread 0x000002399f852000 DEOPT PACKING pc=0x000002398bd4fbf4 sp=0x0000004b5a8fa860
Event: 237.300 Thread 0x000002399f852000 DEOPT UNPACKING pc=0x00000239839e74af sp=0x0000004b5a8fa808 mode 2
Event: 237.476 Thread 0x000002399f852000 Uncommon trap: trap_request=0xffffff4d fr.pc=0x000002398bc8dd7c relative=0x000000000000315c
Event: 237.476 Thread 0x000002399f852000 Uncommon trap: reason=unstable_if action=reinterpret pc=0x000002398bc8dd7c method=org.gradle.internal.snapshot.impl.DefaultValueSnapshotter.processValue(Ljava/lang/Object;Lorg/gradle/internal/snapshot/impl/DefaultValueSnapshotter$ValueVisitor;)Ljava/lang/
Event: 237.476 Thread 0x000002399f852000 DEOPT PACKING pc=0x000002398bc8dd7c sp=0x0000004b5a8fa840
Event: 237.476 Thread 0x000002399f852000 DEOPT UNPACKING pc=0x00000239839e74af sp=0x0000004b5a8fa828 mode 2
Event: 237.513 Thread 0x000002399f852000 Uncommon trap: trap_request=0xffffffd6 fr.pc=0x000002398b4d4404 relative=0x00000000000007a4
Event: 237.513 Thread 0x000002399f852000 Uncommon trap: reason=array_check action=maybe_recompile pc=0x000002398b4d4404 method=java.util.ComparableTimSort.binarySort([Ljava/lang/Object;III)V @ 193 c2
Event: 237.513 Thread 0x000002399f852000 DEOPT PACKING pc=0x000002398b4d4404 sp=0x0000004b5a8f8630
Event: 237.513 Thread 0x000002399f852000 DEOPT UNPACKING pc=0x00000239839e74af sp=0x0000004b5a8f85d0 mode 2
Event: 237.791 Thread 0x00000239a6cc3800 Uncommon trap: trap_request=0xffffff4d fr.pc=0x000002398b7f265c relative=0x00000000000000bc
Event: 237.791 Thread 0x00000239a6cc3800 Uncommon trap: reason=unstable_if action=reinterpret pc=0x000002398b7f265c method=jdk.internal.misc.Unsafe.convEndian(ZS)S @ 4 c2
Event: 237.791 Thread 0x00000239a6cc3800 DEOPT PACKING pc=0x000002398b7f265c sp=0x0000004b5b0fd5d0
Event: 237.791 Thread 0x00000239a6cc3800 DEOPT UNPACKING pc=0x00000239839e74af sp=0x0000004b5b0fd490 mode 2
Event: 238.002 Thread 0x00000239a6cc3800 Uncommon trap: trap_request=0xffffff4d fr.pc=0x000002398bbe361c relative=0x00000000000000dc
Event: 238.002 Thread 0x00000239a6cc3800 Uncommon trap: reason=unstable_if action=reinterpret pc=0x000002398bbe361c method=java.io.BufferedInputStream.fill()V @ 9 c2
Event: 238.002 Thread 0x00000239a6cc3800 DEOPT PACKING pc=0x000002398bbe361c sp=0x0000004b5b0fd280
Event: 238.002 Thread 0x00000239a6cc3800 DEOPT UNPACKING pc=0x00000239839e74af sp=0x0000004b5b0fd200 mode 2

Classes redefined (0 events):
No events

Internal exceptions (20 events):
Event: 213.065 Thread 0x00000239a15fc000 Exception <a 'java/lang/NoSuchMethodError'{0x0000000089e10490}: 'void java.lang.invoke.DirectMethodHandle$Holder.invokeVirtual(java.lang.Object, java.lang.Object)'> (0x0000000089e10490) thrown at [./src/hotspot/share/interpreter/linkResolver.cpp, line 773]
Event: 213.321 Thread 0x00000239a15fc000 Exception <a 'java/lang/NoSuchMethodError'{0x0000000089c38e18}: <clinit>> (0x0000000089c38e18) thrown at [./src/hotspot/share/prims/jni.cpp, line 1362]
Event: 213.334 Thread 0x00000239a15fc000 Exception <a 'java/lang/NoSuchMethodError'{0x0000000089c6ce78}: <clinit>> (0x0000000089c6ce78) thrown at [./src/hotspot/share/prims/jni.cpp, line 1362]
Event: 213.339 Thread 0x00000239a15fc000 Exception <a 'java/lang/NoSuchMethodError'{0x0000000089c8b008}: <clinit>> (0x0000000089c8b008) thrown at [./src/hotspot/share/prims/jni.cpp, line 1362]
Event: 215.481 Thread 0x00000239a6cc3800 Exception <a 'java/lang/NoSuchMethodError'{0x00000000892c4fa0}: 'void java.lang.invoke.DirectMethodHandle$Holder.invokeStatic(java.lang.Object, long)'> (0x00000000892c4fa0) thrown at [./src/hotspot/share/interpreter/linkResolver.cpp, line 773]
Event: 215.483 Thread 0x00000239a6cc3800 Exception <a 'java/lang/NoSuchMethodError'{0x00000000892ca1b8}: 'java.lang.Object java.lang.invoke.DirectMethodHandle$Holder.invokeStatic(java.lang.Object, long)'> (0x00000000892ca1b8) thrown at [./src/hotspot/share/interpreter/linkResolver.cpp, line 773]
Event: 215.490 Thread 0x00000239a6cc3800 Exception <a 'java/lang/NoSuchMethodError'{0x00000000892d8520}: 'java.lang.Object java.lang.invoke.DirectMethodHandle$Holder.invokeStaticInit(java.lang.Object, java.lang.Object, long, java.lang.Object)'> (0x00000000892d8520) thrown at [./src/hotspot/share/interpreter/linkResolver.cpp, line 773]
Event: 215.491 Thread 0x00000239a6cc3800 Exception <a 'java/lang/NoSuchMethodError'{0x00000000892de8f8}: 'java.lang.Object java.lang.invoke.DirectMethodHandle$Holder.invokeStatic(java.lang.Object, java.lang.Object, long)'> (0x00000000892de8f8) thrown at [./src/hotspot/share/interpreter/linkResolver.cpp, line 773]
Event: 215.492 Thread 0x00000239a6cc3800 Exception <a 'java/lang/NoSuchMethodError'{0x00000000892e4e70}: 'java.lang.Object java.lang.invoke.Invokers$Holder.linkToTargetMethod(java.lang.Object, long, java.lang.Object)'> (0x00000000892e4e70) thrown at [./src/hotspot/share/interpreter/linkResolver.cpp, line 773]
Event: 228.379 Thread 0x00000239a6cc3800 Exception <a 'sun/nio/fs/WindowsException'{0x000000008a0130a0}> (0x000000008a0130a0) thrown at [./src/hotspot/share/prims/jni.cpp, line 615]
Event: 228.406 Thread 0x00000239a6cc3800 Exception <a 'sun/nio/fs/WindowsException'{0x000000008a028460}> (0x000000008a028460) thrown at [./src/hotspot/share/prims/jni.cpp, line 615]
Event: 228.412 Thread 0x00000239a6cc3800 Exception <a 'sun/nio/fs/WindowsException'{0x000000008a028548}> (0x000000008a028548) thrown at [./src/hotspot/share/prims/jni.cpp, line 615]
Event: 235.692 Thread 0x000002399f854800 Exception <a 'sun/nio/fs/WindowsException'{0x000000008a29cca8}> (0x000000008a29cca8) thrown at [./src/hotspot/share/prims/jni.cpp, line 615]
Event: 235.711 Thread 0x000002399f854800 Exception <a 'sun/nio/fs/WindowsException'{0x000000008a29db80}> (0x000000008a29db80) thrown at [./src/hotspot/share/prims/jni.cpp, line 615]
Event: 235.721 Thread 0x000002399f854800 Exception <a 'sun/nio/fs/WindowsException'{0x000000008a2a1cb0}> (0x000000008a2a1cb0) thrown at [./src/hotspot/share/prims/jni.cpp, line 615]
Event: 235.722 Thread 0x000002399f854800 Exception <a 'sun/nio/fs/WindowsException'{0x000000008a2a2bd0}> (0x000000008a2a2bd0) thrown at [./src/hotspot/share/prims/jni.cpp, line 615]
Event: 235.735 Thread 0x000002399f854800 Exception <a 'sun/nio/fs/WindowsException'{0x000000008a2a89e0}> (0x000000008a2a89e0) thrown at [./src/hotspot/share/prims/jni.cpp, line 615]
Event: 235.736 Thread 0x000002399f854800 Exception <a 'sun/nio/fs/WindowsException'{0x000000008a2a9b68}> (0x000000008a2a9b68) thrown at [./src/hotspot/share/prims/jni.cpp, line 615]
Event: 236.038 Thread 0x00000239a15fc000 Exception <a 'sun/nio/fs/WindowsException'{0x000000008a154a18}> (0x000000008a154a18) thrown at [./src/hotspot/share/prims/jni.cpp, line 615]
Event: 236.038 Thread 0x00000239a15fc000 Exception <a 'sun/nio/fs/WindowsException'{0x000000008a155678}> (0x000000008a155678) thrown at [./src/hotspot/share/prims/jni.cpp, line 615]

Events (20 events):
Event: 237.941 loading class com/android/build/gradle/internal/tasks/SigningConfigUtils$Companion$gson$2 done
Event: 237.945 loading class com/android/build/gradle/internal/cxx/json/PlainFileGsonTypeAdaptor
Event: 237.945 loading class com/android/build/gradle/internal/cxx/json/PlainFileGsonTypeAdaptor done
Event: 237.947 loading class com/android/build/gradle/internal/signing/SigningConfigVersions
Event: 237.947 loading class com/android/build/gradle/internal/signing/SigningConfigVersions done
Event: 237.951 loading class com/android/build/gradle/internal/signing/SigningConfigVersions$Companion
Event: 237.951 loading class com/android/build/gradle/internal/signing/SigningConfigVersions$Companion done
Event: 237.958 loading class java/security/KeyStoreSpi
Event: 237.966 loading class java/security/KeyStoreSpi done
Event: 237.967 loading class sun/security/pkcs12/PKCS12KeyStore$DualFormatPKCS12
Event: 237.969 loading class sun/security/util/KeyStoreDelegator
Event: 237.971 loading class sun/security/util/KeyStoreDelegator done
Event: 237.971 loading class sun/security/pkcs12/PKCS12KeyStore$DualFormatPKCS12 done
Event: 237.972 loading class sun/security/pkcs12/PKCS12KeyStore
Event: 237.978 loading class sun/security/pkcs12/PKCS12KeyStore done
Event: 237.978 loading class sun/security/provider/JavaKeyStore$JKS
Event: 237.980 loading class sun/security/provider/JavaKeyStore
Event: 237.981 loading class sun/security/provider/JavaKeyStore done
Event: 237.981 loading class sun/security/provider/JavaKeyStore$JKS done
Event: 238.009 loading class java/security/DigestInputStream


Dynamic libraries:
0x00007ff60c5a0000 - 0x00007ff60c5aa000 	C:\Program Files\Android\Android Studio\jre\bin\java.exe
0x00007ffae6c90000 - 0x00007ffae6e85000 	C:\Windows\SYSTEM32\ntdll.dll
0x00007ffae52d0000 - 0x00007ffae538d000 	C:\Windows\System32\KERNEL32.DLL
0x00007ffae46f0000 - 0x00007ffae49b8000 	C:\Windows\System32\KERNELBASE.dll
0x00007ffae4b70000 - 0x00007ffae4c70000 	C:\Windows\System32\ucrtbase.dll
0x00007ffaddc30000 - 0x00007ffaddc47000 	C:\Program Files\Android\Android Studio\jre\bin\VCRUNTIME140.dll
0x00007ffaddc10000 - 0x00007ffaddc29000 	C:\Program Files\Android\Android Studio\jre\bin\jli.dll
0x00007ffae5390000 - 0x00007ffae5530000 	C:\Windows\System32\USER32.dll
0x00007ffad6060000 - 0x00007ffad62fa000 	C:\Windows\WinSxS\amd64_microsoft.windows.common-controls_6595b64144ccf1df_6.0.19041.844_none_ca00b6081b84eb1d\COMCTL32.dll
0x00007ffae4500000 - 0x00007ffae4522000 	C:\Windows\System32\win32u.dll
0x00007ffae50a0000 - 0x00007ffae513e000 	C:\Windows\System32\msvcrt.dll
0x00007ffae5a80000 - 0x00007ffae5aaa000 	C:\Windows\System32\GDI32.dll
0x00007ffae45e0000 - 0x00007ffae46eb000 	C:\Windows\System32\gdi32full.dll
0x00007ffae43d0000 - 0x00007ffae446d000 	C:\Windows\System32\msvcp_win.dll
0x00007ffae5de0000 - 0x00007ffae5e10000 	C:\Windows\System32\IMM32.DLL
0x00007ffac8960000 - 0x00007ffac89fd000 	C:\Program Files\Android\Android Studio\jre\bin\msvcp140.dll
0x00007ffaad0c0000 - 0x00007ffaadb7c000 	C:\Program Files\Android\Android Studio\jre\bin\server\jvm.dll
0x00007ffae5220000 - 0x00007ffae52cc000 	C:\Windows\System32\ADVAPI32.dll
0x00007ffae5c30000 - 0x00007ffae5ccb000 	C:\Windows\System32\sechost.dll
0x00007ffae5e10000 - 0x00007ffae5f3b000 	C:\Windows\System32\RPCRT4.dll
0x00007ffae5660000 - 0x00007ffae5668000 	C:\Windows\System32\PSAPI.DLL
0x00007ffac80b0000 - 0x00007ffac80d7000 	C:\Windows\SYSTEM32\WINMM.dll
0x00007ffadfec0000 - 0x00007ffadfec9000 	C:\Windows\SYSTEM32\WSOCK32.dll
0x00007ffad8d00000 - 0x00007ffad8d0a000 	C:\Windows\SYSTEM32\VERSION.dll
0x00007ffae5ab0000 - 0x00007ffae5b1b000 	C:\Windows\System32\WS2_32.dll
0x00007ffae2ca0000 - 0x00007ffae2cb2000 	C:\Windows\SYSTEM32\kernel.appcore.dll
0x00007ffadf0a0000 - 0x00007ffadf0b1000 	C:\Program Files\Android\Android Studio\jre\bin\verify.dll
0x00007ffae2100000 - 0x00007ffae22e4000 	C:\Windows\SYSTEM32\DBGHELP.DLL
0x00007ffadbb60000 - 0x00007ffadbb8c000 	C:\Windows\SYSTEM32\dbgcore.DLL
0x00007ffae4c70000 - 0x00007ffae4cf0000 	C:\Windows\System32\bcryptPrimitives.dll
0x00007ffadf070000 - 0x00007ffadf099000 	C:\Program Files\Android\Android Studio\jre\bin\java.dll
0x00007ffadfe80000 - 0x00007ffadfe8b000 	C:\Program Files\Android\Android Studio\jre\bin\jimage.dll
0x00007ffaddbf0000 - 0x00007ffaddc08000 	C:\Program Files\Android\Android Studio\jre\bin\zip.dll
0x00007ffae6090000 - 0x00007ffae67d2000 	C:\Windows\System32\SHELL32.dll
0x00007ffae2500000 - 0x00007ffae2c90000 	C:\Windows\SYSTEM32\windows.storage.dll
0x00007ffae5690000 - 0x00007ffae59e5000 	C:\Windows\System32\combase.dll
0x00007ffae3dd0000 - 0x00007ffae3dfc000 	C:\Windows\SYSTEM32\Wldp.dll
0x00007ffae5cd0000 - 0x00007ffae5d7e000 	C:\Windows\System32\SHCORE.dll
0x00007ffae5040000 - 0x00007ffae5095000 	C:\Windows\System32\shlwapi.dll
0x00007ffae4310000 - 0x00007ffae432f000 	C:\Windows\SYSTEM32\profapi.dll
0x00007ffadb720000 - 0x00007ffadb73a000 	C:\Program Files\Android\Android Studio\jre\bin\net.dll
0x00007ffadaad0000 - 0x00007ffadabdb000 	C:\Windows\SYSTEM32\WINHTTP.dll
0x00007ffae3ae0000 - 0x00007ffae3b4a000 	C:\Windows\system32\mswsock.dll
0x00007ffadb350000 - 0x00007ffadb364000 	C:\Program Files\Android\Android Studio\jre\bin\nio.dll
0x00007ffade2b0000 - 0x00007ffade2d7000 	C:\Users\NIHAL RAM TRIPATHI\.gradle\native\fdc75f09e3144964f2cf3f50f0aa648679c211496f362492102eb8c894070792\windows-amd64\native-platform.dll
0x00007ffaa4480000 - 0x00007ffaa4616000 	C:\Users\NIHAL RAM TRIPATHI\.gradle\native\12488b8bf47d2d4c9fbf2f6322a914ad602e24e48041cd04a747c6da556b65c4\windows-amd64\native-platform-file-events.dll
0x00007ffadf060000 - 0x00007ffadf06a000 	C:\Program Files\Android\Android Studio\jre\bin\management.dll
0x00007ffade780000 - 0x00007ffade78c000 	C:\Program Files\Android\Android Studio\jre\bin\management_ext.dll
0x00007ffae3cc0000 - 0x00007ffae3cd8000 	C:\Windows\SYSTEM32\CRYPTSP.dll
0x00007ffae3480000 - 0x00007ffae34b4000 	C:\Windows\system32\rsaenh.dll
0x00007ffae4470000 - 0x00007ffae4497000 	C:\Windows\System32\bcrypt.dll
0x00007ffae42d0000 - 0x00007ffae42fe000 	C:\Windows\SYSTEM32\USERENV.dll
0x00007ffae3cb0000 - 0x00007ffae3cbc000 	C:\Windows\SYSTEM32\CRYPTBASE.dll
0x00007ffae37d0000 - 0x00007ffae380b000 	C:\Windows\SYSTEM32\IPHLPAPI.DLL
0x00007ffae5680000 - 0x00007ffae5688000 	C:\Windows\System32\NSI.dll
0x00007ffadcdd0000 - 0x00007ffadcde7000 	C:\Windows\SYSTEM32\dhcpcsvc6.DLL
0x00007ffadd490000 - 0x00007ffadd4ad000 	C:\Windows\SYSTEM32\dhcpcsvc.DLL
0x00007ffae3810000 - 0x00007ffae38dc000 	C:\Windows\SYSTEM32\DNSAPI.dll
0x00007ffade120000 - 0x00007ffade12b000 	C:\Windows\SYSTEM32\WINNSI.DLL

dbghelp: loaded successfully - version: 4.0.5 - missing functions: none
symbol engine: initialized successfully - sym options: 0x614 - pdb path: .;C:\Program Files\Android\Android Studio\jre\bin;C:\Windows\SYSTEM32;C:\Windows\WinSxS\amd64_microsoft.windows.common-controls_6595b64144ccf1df_6.0.19041.844_none_ca00b6081b84eb1d;C:\Program Files\Android\Android Studio\jre\bin\server;C:\Users\NIHAL RAM TRIPATHI\.gradle\native\fdc75f09e3144964f2cf3f50f0aa648679c211496f362492102eb8c894070792\windows-amd64;C:\Users\NIHAL RAM TRIPATHI\.gradle\native\12488b8bf47d2d4c9fbf2f6322a914ad602e24e48041cd04a747c6da556b65c4\windows-amd64

VM Arguments:
jvm_args: --add-opens=java.base/java.util=ALL-UNNAMED --add-opens=java.base/java.lang=ALL-UNNAMED --add-opens=java.base/java.lang.invoke=ALL-UNNAMED --add-opens=java.prefs/java.util.prefs=ALL-UNNAMED -Xmx2048m -Dfile.encoding=UTF-8 -Duser.country=IN -Duser.language=en -Duser.variant 
java_command: org.gradle.launcher.daemon.bootstrap.GradleDaemon 6.7.1
java_class_path (initial): C:\Users\NIHAL RAM TRIPATHI\.gradle\wrapper\dists\gradle-6.7.1-bin\bwlcbys1h7rz3272sye1xwiv6\gradle-6.7.1\lib\gradle-launcher-6.7.1.jar
Launcher Type: SUN_STANDARD

[Global flags]
     intx CICompilerCount                          = 4                                         {product} {ergonomic}
     uint ConcGCThreads                            = 2                                         {product} {ergonomic}
     uint G1ConcRefinementThreads                  = 8                                         {product} {ergonomic}
   size_t G1HeapRegionSize                         = 1048576                                   {product} {ergonomic}
    uintx GCDrainStackTargetSize                   = 64                                        {product} {ergonomic}
   size_t InitialHeapSize                          = 100663296                                 {product} {ergonomic}
   size_t MarkStackSize                            = 4194304                                   {product} {ergonomic}
   size_t MaxHeapSize                              = 2147483648                                {product} {command line}
   size_t MaxNewSize                               = 1287651328                                {product} {ergonomic}
   size_t MinHeapDeltaBytes                        = 1048576                                   {product} {ergonomic}
    uintx NonNMethodCodeHeapSize                   = 5836300                                {pd product} {ergonomic}
    uintx NonProfiledCodeHeapSize                  = 122910970                              {pd product} {ergonomic}
    uintx ProfiledCodeHeapSize                     = 122910970                              {pd product} {ergonomic}
    uintx ReservedCodeCacheSize                    = 251658240                              {pd product} {ergonomic}
     bool SegmentedCodeCache                       = true                                      {product} {ergonomic}
     bool UseCompressedClassPointers               = true                                 {lp64_product} {ergonomic}
     bool UseCompressedOops                        = true                                 {lp64_product} {ergonomic}
     bool UseG1GC                                  = true                                      {product} {ergonomic}
     bool UseLargePagesIndividualAllocation        = false                                  {pd product} {ergonomic}

Logging:
Log output configuration:
 #0: stdout all=warning uptime,level,tags
 #1: stderr all=off uptime,level,tags

Environment Variables:
PATH=C:\Program Files\Common Files\Oracle\Java\javapath;C:\Windows\system32;C:\Windows;C:\Windows\System32\Wbem;C:\Windows\System32\WindowsPowerShell\v1.0\;C:\Windows\System32\OpenSSH\;C:\Program Files\Intel\WiFi\bin\;C:\Program Files\Common Files\Intel\WirelessCommon\;C:\Users\NIHAL RAM TRIPATHI\AppData\Local\Microsoft\WindowsApps;C:\Program Files\Intel\WiFi\bin\;C:\Program Files\Common Files\Intel\WirelessCommon\;C:\Users\NIHAL RAM TRIPATHI\AppData\Local\Programs\Microsoft VS Code\bin;C:\Program Files\JetBrains\IntelliJ IDEA Community Edition 2020.2.3\bin;
USERNAME=NIHAL RAM TRIPATHI
OS=Windows_NT
PROCESSOR_IDENTIFIER=AMD64 Family 23 Model 24 Stepping 1, AuthenticAMD



---------------  S Y S T E M  ---------------

OS: Windows 10 , 64 bit Build 19041 (10.0.19041.928)
OS uptime: 21 days 0:56 hours

CPU:total 8 (initial active 8) (8 cores per cpu, 2 threads per core) family 23 model 24 stepping 1, cmov, cx8, fxsr, mmx, sse, sse2, sse3, ssse3, sse4.1, sse4.2, popcnt, avx, avx2, aes, clmul, mmxext, 3dnowpref, lzcnt, sse4a, ht, tsc, tscinvbit, tscinv, bmi1, bmi2, adx, sha, fma

Memory: 4k page, system-wide physical 6091M (418M free)
TotalPageFile size 24523M (AvailPageFile size 0M)
current process WorkingSet (physical memory assigned to process): 266M, peak: 473M
current process commit charge ("private bytes"): 506M, peak: 515M

vm_info: OpenJDK 64-Bit Server VM (11.0.8+10-b944.6842174) for windows-amd64 JRE (11.0.8+10-b944.6842174), built on Sep 19 2020 01:11:42 by "builder" with MS VC++ 14.0 (VS2015)

END.
